<?xml version="1.0" encoding="UTF-8"?>
<testsuite xmlns:xsi="http://www.w3.org/2001/XMLSchema-instance" xsi:noNamespaceSchemaLocation="https://maven.apache.org/surefire/maven-surefire-plugin/xsd/surefire-test-report-3.0.xsd" version="3.0" name="tests.TestRunner" time="2.603" tests="1" errors="0" skipped="0" failures="0">
  <properties>
[...]
</properties>
  <testcase name="[1:3] Create topic with replication factor, produce JSON message, and consume it" classname="tests/Producer2" time="2.104">
    <system-out><![CDATA[01:26:53.209 [main] INFO org.apache.kafka.clients.admin.AdminClientConfig - AdminClientConfig values: 
	auto.include.jmx.reporter = true
	bootstrap.controllers = []
	bootstrap.servers = [localhost:9092]
	client.dns.lookup = use_all_dns_ips
	client.id = 
	connections.max.idle.ms = 300000
	default.api.timeout.ms = 60000
	enable.metrics.push = true
	metadata.max.age.ms = 300000
	metadata.recovery.strategy = none
	metric.reporters = []
	metrics.num.samples = 2
	metrics.recording.level = INFO
	metrics.sample.window.ms = 30000
	receive.buffer.bytes = 65536
	reconnect.backoff.max.ms = 1000
	reconnect.backoff.ms = 50
	request.timeout.ms = 30000
	retries = 2147483647
	retry.backoff.max.ms = 1000
	retry.backoff.ms = 100
	sasl.client.callback.handler.class = null
	sasl.jaas.config = null
	sasl.kerberos.kinit.cmd = /usr/bin/kinit
	sasl.kerberos.min.time.before.relogin = 60000
	sasl.kerberos.service.name = null
	sasl.kerberos.ticket.renew.jitter = 0.05
	sasl.kerberos.ticket.renew.window.factor = 0.8
	sasl.login.callback.handler.class = null
	sasl.login.class = null
	sasl.login.connect.timeout.ms = null
	sasl.login.read.timeout.ms = null
	sasl.login.refresh.buffer.seconds = 300
	sasl.login.refresh.min.period.seconds = 60
	sasl.login.refresh.window.factor = 0.8
	sasl.login.refresh.window.jitter = 0.05
	sasl.login.retry.backoff.max.ms = 10000
	sasl.login.retry.backoff.ms = 100
	sasl.mechanism = GSSAPI
	sasl.oauthbearer.clock.skew.seconds = 30
	sasl.oauthbearer.expected.audience = null
	sasl.oauthbearer.expected.issuer = null
	sasl.oauthbearer.jwks.endpoint.refresh.ms = 3600000
	sasl.oauthbearer.jwks.endpoint.retry.backoff.max.ms = 10000
	sasl.oauthbearer.jwks.endpoint.retry.backoff.ms = 100
	sasl.oauthbearer.jwks.endpoint.url = null
	sasl.oauthbearer.scope.claim.name = scope
	sasl.oauthbearer.sub.claim.name = sub
	sasl.oauthbearer.token.endpoint.url = null
	security.protocol = PLAINTEXT
	security.providers = null
	send.buffer.bytes = 131072
	socket.connection.setup.timeout.max.ms = 30000
	socket.connection.setup.timeout.ms = 10000
	ssl.cipher.suites = null
	ssl.enabled.protocols = [TLSv1.2, TLSv1.3]
	ssl.endpoint.identification.algorithm = https
	ssl.engine.factory.class = null
	ssl.key.password = null
	ssl.keymanager.algorithm = SunX509
	ssl.keystore.certificate.chain = null
	ssl.keystore.key = null
	ssl.keystore.location = null
	ssl.keystore.password = null
	ssl.keystore.type = JKS
	ssl.protocol = TLSv1.3
	ssl.provider = null
	ssl.secure.random.implementation = null
	ssl.trustmanager.algorithm = PKIX
	ssl.truststore.certificates = null
	ssl.truststore.location = null
	ssl.truststore.password = null
	ssl.truststore.type = JKS

01:26:53.240 [main] DEBUG org.apache.kafka.clients.admin.internals.AdminMetadataManager - [AdminClient clientId=adminclient-1] Setting bootstrap cluster metadata Cluster(id = null, nodes = [localhost:9092 (id: -1 rack: null)], partitions = [], controller = null).
01:26:53.376 [main] INFO org.apache.kafka.common.utils.AppInfoParser - Kafka version: 3.8.0
01:26:53.376 [main] INFO org.apache.kafka.common.utils.AppInfoParser - Kafka commitId: 771b9576b00ecf5b
01:26:53.376 [main] INFO org.apache.kafka.common.utils.AppInfoParser - Kafka startTimeMs: 1723924613375
01:26:53.377 [main] DEBUG org.apache.kafka.clients.admin.KafkaAdminClient - [AdminClient clientId=adminclient-1] Kafka admin client initialized
01:26:53.378 [kafka-admin-client-thread | adminclient-1] DEBUG org.apache.kafka.clients.admin.KafkaAdminClient - [AdminClient clientId=adminclient-1] Thread starting
01:26:53.380 [kafka-admin-client-thread | adminclient-1] DEBUG org.apache.kafka.clients.ClientUtils - Resolved host localhost as 127.0.0.1
01:26:53.380 [kafka-admin-client-thread | adminclient-1] DEBUG org.apache.kafka.clients.ClusterConnectionStates - [AdminClient clientId=adminclient-1] Resolved host localhost to addresses [localhost/127.0.0.1]
01:26:53.380 [kafka-admin-client-thread | adminclient-1] DEBUG org.apache.kafka.clients.NetworkClient - [AdminClient clientId=adminclient-1] Initiating connection to node localhost:9092 (id: -1 rack: null) using address localhost/127.0.0.1
01:26:53.388 [main] DEBUG org.apache.kafka.clients.admin.KafkaAdminClient - [AdminClient clientId=adminclient-1] Queueing Call(callName=createTopics, deadlineMs=1723924673387, tries=0, nextAllowedTryMs=0) with a timeout 30000 ms from now.
01:26:53.395 [kafka-admin-client-thread | adminclient-1] DEBUG org.apache.kafka.common.network.Selector - [AdminClient clientId=adminclient-1] Created socket with SO_RCVBUF = 342972, SO_SNDBUF = 146988, SO_TIMEOUT = 0 to node -1
01:26:53.550 [kafka-admin-client-thread | adminclient-1] DEBUG org.apache.kafka.clients.NetworkClient - [AdminClient clientId=adminclient-1] Completed connection to node -1. Fetching API versions.
01:26:53.551 [kafka-admin-client-thread | adminclient-1] DEBUG org.apache.kafka.clients.NetworkClient - [AdminClient clientId=adminclient-1] Initiating API versions fetch from node -1.
01:26:53.572 [kafka-admin-client-thread | adminclient-1] DEBUG org.apache.kafka.clients.NetworkClient - [AdminClient clientId=adminclient-1] Sending API_VERSIONS request with header RequestHeader(apiKey=API_VERSIONS, apiVersion=3, clientId=adminclient-1, correlationId=0, headerVersion=2) and timeout 3600000 to node -1: ApiVersionsRequestData(clientSoftwareName='apache-kafka-java', clientSoftwareVersion='3.8.0')
01:26:53.598 [kafka-admin-client-thread | adminclient-1] DEBUG org.apache.kafka.clients.NetworkClient - [AdminClient clientId=adminclient-1] Received API_VERSIONS response from node -1 for request with header RequestHeader(apiKey=API_VERSIONS, apiVersion=3, clientId=adminclient-1, correlationId=0, headerVersion=2): ApiVersionsResponseData(errorCode=0, apiKeys=[ApiVersion(apiKey=0, minVersion=0, maxVersion=11), ApiVersion(apiKey=1, minVersion=0, maxVersion=16), ApiVersion(apiKey=2, minVersion=0, maxVersion=8), ApiVersion(apiKey=3, minVersion=0, maxVersion=12), ApiVersion(apiKey=4, minVersion=0, maxVersion=7), ApiVersion(apiKey=5, minVersion=0, maxVersion=4), ApiVersion(apiKey=6, minVersion=0, maxVersion=8), ApiVersion(apiKey=7, minVersion=0, maxVersion=3), ApiVersion(apiKey=8, minVersion=0, maxVersion=9), ApiVersion(apiKey=9, minVersion=0, maxVersion=9), ApiVersion(apiKey=10, minVersion=0, maxVersion=5), ApiVersion(apiKey=11, minVersion=0, maxVersion=9), ApiVersion(apiKey=12, minVersion=0, maxVersion=4), ApiVersion(apiKey=13, minVersion=0, maxVersion=5), ApiVersion(apiKey=14, minVersion=0, maxVersion=5), ApiVersion(apiKey=15, minVersion=0, maxVersion=5), ApiVersion(apiKey=16, minVersion=0, maxVersion=5), ApiVersion(apiKey=17, minVersion=0, maxVersion=1), ApiVersion(apiKey=18, minVersion=0, maxVersion=3), ApiVersion(apiKey=19, minVersion=0, maxVersion=7), ApiVersion(apiKey=20, minVersion=0, maxVersion=6), ApiVersion(apiKey=21, minVersion=0, maxVersion=2), ApiVersion(apiKey=22, minVersion=0, maxVersion=5), ApiVersion(apiKey=23, minVersion=0, maxVersion=4), ApiVersion(apiKey=24, minVersion=0, maxVersion=5), ApiVersion(apiKey=25, minVersion=0, maxVersion=4), ApiVersion(apiKey=26, minVersion=0, maxVersion=4), ApiVersion(apiKey=27, minVersion=0, maxVersion=1), ApiVersion(apiKey=28, minVersion=0, maxVersion=4), ApiVersion(apiKey=29, minVersion=0, maxVersion=3), ApiVersion(apiKey=30, minVersion=0, maxVersion=3), ApiVersion(apiKey=31, minVersion=0, maxVersion=3), ApiVersion(apiKey=32, minVersion=0, maxVersion=4), ApiVersion(apiKey=33, minVersion=0, maxVersion=2), ApiVersion(apiKey=34, minVersion=0, maxVersion=2), ApiVersion(apiKey=35, minVersion=0, maxVersion=4), ApiVersion(apiKey=36, minVersion=0, maxVersion=2), ApiVersion(apiKey=37, minVersion=0, maxVersion=3), ApiVersion(apiKey=38, minVersion=0, maxVersion=3), ApiVersion(apiKey=39, minVersion=0, maxVersion=2), ApiVersion(apiKey=40, minVersion=0, maxVersion=2), ApiVersion(apiKey=41, minVersion=0, maxVersion=3), ApiVersion(apiKey=42, minVersion=0, maxVersion=2), ApiVersion(apiKey=43, minVersion=0, maxVersion=2), ApiVersion(apiKey=44, minVersion=0, maxVersion=1), ApiVersion(apiKey=45, minVersion=0, maxVersion=0), ApiVersion(apiKey=46, minVersion=0, maxVersion=0), ApiVersion(apiKey=47, minVersion=0, maxVersion=0), ApiVersion(apiKey=48, minVersion=0, maxVersion=1), ApiVersion(apiKey=49, minVersion=0, maxVersion=1), ApiVersion(apiKey=50, minVersion=0, maxVersion=0), ApiVersion(apiKey=51, minVersion=0, maxVersion=0), ApiVersion(apiKey=56, minVersion=0, maxVersion=3), ApiVersion(apiKey=57, minVersion=0, maxVersion=1), ApiVersion(apiKey=58, minVersion=0, maxVersion=0), ApiVersion(apiKey=60, minVersion=0, maxVersion=1), ApiVersion(apiKey=61, minVersion=0, maxVersion=0), ApiVersion(apiKey=65, minVersion=0, maxVersion=0), ApiVersion(apiKey=66, minVersion=0, maxVersion=1), ApiVersion(apiKey=67, minVersion=0, maxVersion=0), ApiVersion(apiKey=68, minVersion=0, maxVersion=0), ApiVersion(apiKey=69, minVersion=0, maxVersion=0)], throttleTimeMs=0, supportedFeatures=[], finalizedFeaturesEpoch=0, finalizedFeatures=[], zkMigrationReady=false)
01:26:53.628 [kafka-admin-client-thread | adminclient-1] DEBUG org.apache.kafka.clients.NetworkClient - [AdminClient clientId=adminclient-1] Node -1 has finalized features epoch: 0, finalized features: [], supported features: [], ZK migration ready: false, API versions: (Produce(0): 0 to 11 [usable: 11], Fetch(1): 0 to 16 [usable: 16], ListOffsets(2): 0 to 8 [usable: 8], Metadata(3): 0 to 12 [usable: 12], LeaderAndIsr(4): 0 to 7 [usable: 7], StopReplica(5): 0 to 4 [usable: 4], UpdateMetadata(6): 0 to 8 [usable: 8], ControlledShutdown(7): 0 to 3 [usable: 3], OffsetCommit(8): 0 to 9 [usable: 9], OffsetFetch(9): 0 to 9 [usable: 9], FindCoordinator(10): 0 to 5 [usable: 5], JoinGroup(11): 0 to 9 [usable: 9], Heartbeat(12): 0 to 4 [usable: 4], LeaveGroup(13): 0 to 5 [usable: 5], SyncGroup(14): 0 to 5 [usable: 5], DescribeGroups(15): 0 to 5 [usable: 5], ListGroups(16): 0 to 5 [usable: 5], SaslHandshake(17): 0 to 1 [usable: 1], ApiVersions(18): 0 to 3 [usable: 3], CreateTopics(19): 0 to 7 [usable: 7], DeleteTopics(20): 0 to 6 [usable: 6], DeleteRecords(21): 0 to 2 [usable: 2], InitProducerId(22): 0 to 5 [usable: 5], OffsetForLeaderEpoch(23): 0 to 4 [usable: 4], AddPartitionsToTxn(24): 0 to 5 [usable: 5], AddOffsetsToTxn(25): 0 to 4 [usable: 4], EndTxn(26): 0 to 4 [usable: 4], WriteTxnMarkers(27): 0 to 1 [usable: 1], TxnOffsetCommit(28): 0 to 4 [usable: 4], DescribeAcls(29): 0 to 3 [usable: 3], CreateAcls(30): 0 to 3 [usable: 3], DeleteAcls(31): 0 to 3 [usable: 3], DescribeConfigs(32): 0 to 4 [usable: 4], AlterConfigs(33): 0 to 2 [usable: 2], AlterReplicaLogDirs(34): 0 to 2 [usable: 2], DescribeLogDirs(35): 0 to 4 [usable: 4], SaslAuthenticate(36): 0 to 2 [usable: 2], CreatePartitions(37): 0 to 3 [usable: 3], CreateDelegationToken(38): 0 to 3 [usable: 3], RenewDelegationToken(39): 0 to 2 [usable: 2], ExpireDelegationToken(40): 0 to 2 [usable: 2], DescribeDelegationToken(41): 0 to 3 [usable: 3], DeleteGroups(42): 0 to 2 [usable: 2], ElectLeaders(43): 0 to 2 [usable: 2], IncrementalAlterConfigs(44): 0 to 1 [usable: 1], AlterPartitionReassignments(45): 0 [usable: 0], ListPartitionReassignments(46): 0 [usable: 0], OffsetDelete(47): 0 [usable: 0], DescribeClientQuotas(48): 0 to 1 [usable: 1], AlterClientQuotas(49): 0 to 1 [usable: 1], DescribeUserScramCredentials(50): 0 [usable: 0], AlterUserScramCredentials(51): 0 [usable: 0], DescribeQuorum(55): UNSUPPORTED, AlterPartition(56): 0 to 3 [usable: 3], UpdateFeatures(57): 0 to 1 [usable: 1], Envelope(58): 0 [usable: 0], DescribeCluster(60): 0 to 1 [usable: 1], DescribeProducers(61): 0 [usable: 0], UnregisterBroker(64): UNSUPPORTED, DescribeTransactions(65): 0 [usable: 0], ListTransactions(66): 0 to 1 [usable: 1], AllocateProducerIds(67): 0 [usable: 0], ConsumerGroupHeartbeat(68): 0 [usable: 0], ConsumerGroupDescribe(69): 0 [usable: 0], GetTelemetrySubscriptions(71): UNSUPPORTED, PushTelemetry(72): UNSUPPORTED, ListClientMetricsResources(74): UNSUPPORTED, DescribeTopicPartitions(75): UNSUPPORTED).
01:26:53.629 [kafka-admin-client-thread | adminclient-1] DEBUG org.apache.kafka.clients.admin.KafkaAdminClient - [AdminClient clientId=adminclient-1] Sending MetadataRequestData(topics=[], allowAutoTopicCreation=true, includeClusterAuthorizedOperations=false, includeTopicAuthorizedOperations=false) to localhost:9092 (id: -1 rack: null). correlationId=1, timeoutMs=29749
01:26:53.630 [kafka-admin-client-thread | adminclient-1] DEBUG org.apache.kafka.clients.NetworkClient - [AdminClient clientId=adminclient-1] Sending METADATA request with header RequestHeader(apiKey=METADATA, apiVersion=12, clientId=adminclient-1, correlationId=1, headerVersion=2) and timeout 29749 to node -1: MetadataRequestData(topics=[], allowAutoTopicCreation=true, includeClusterAuthorizedOperations=false, includeTopicAuthorizedOperations=false)
01:26:53.633 [kafka-admin-client-thread | adminclient-1] DEBUG org.apache.kafka.clients.NetworkClient - [AdminClient clientId=adminclient-1] Received METADATA response from node -1 for request with header RequestHeader(apiKey=METADATA, apiVersion=12, clientId=adminclient-1, correlationId=1, headerVersion=2): MetadataResponseData(throttleTimeMs=0, brokers=[MetadataResponseBroker(nodeId=0, host='localhost', port=9092, rack=null)], clusterId='hvCv1KchSFWSmS9VUg4heg', controllerId=0, topics=[], clusterAuthorizedOperations=-2147483648)
01:26:53.634 [kafka-admin-client-thread | adminclient-1] DEBUG org.apache.kafka.clients.admin.internals.AdminMetadataManager - [AdminClient clientId=adminclient-1] Updating cluster metadata to Cluster(id = hvCv1KchSFWSmS9VUg4heg, nodes = [localhost:9092 (id: 0 rack: null)], partitions = [], controller = localhost:9092 (id: 0 rack: null))
01:26:53.635 [kafka-admin-client-thread | adminclient-1] DEBUG org.apache.kafka.clients.ClientUtils - Resolved host localhost as 127.0.0.1
01:26:53.635 [kafka-admin-client-thread | adminclient-1] DEBUG org.apache.kafka.clients.ClusterConnectionStates - [AdminClient clientId=adminclient-1] Resolved host localhost to addresses [localhost/127.0.0.1]
01:26:53.635 [kafka-admin-client-thread | adminclient-1] DEBUG org.apache.kafka.clients.NetworkClient - [AdminClient clientId=adminclient-1] Initiating connection to node localhost:9092 (id: 0 rack: null) using address localhost/127.0.0.1
01:26:53.636 [kafka-admin-client-thread | adminclient-1] DEBUG org.apache.kafka.common.network.Selector - [AdminClient clientId=adminclient-1] Created socket with SO_RCVBUF = 342972, SO_SNDBUF = 146988, SO_TIMEOUT = 0 to node 0
01:26:53.636 [kafka-admin-client-thread | adminclient-1] DEBUG org.apache.kafka.clients.NetworkClient - [AdminClient clientId=adminclient-1] Completed connection to node 0. Fetching API versions.
01:26:53.637 [kafka-admin-client-thread | adminclient-1] DEBUG org.apache.kafka.clients.NetworkClient - [AdminClient clientId=adminclient-1] Initiating API versions fetch from node 0.
01:26:53.637 [kafka-admin-client-thread | adminclient-1] DEBUG org.apache.kafka.clients.NetworkClient - [AdminClient clientId=adminclient-1] Sending API_VERSIONS request with header RequestHeader(apiKey=API_VERSIONS, apiVersion=3, clientId=adminclient-1, correlationId=2, headerVersion=2) and timeout 3600000 to node 0: ApiVersionsRequestData(clientSoftwareName='apache-kafka-java', clientSoftwareVersion='3.8.0')
01:26:53.638 [kafka-admin-client-thread | adminclient-1] DEBUG org.apache.kafka.clients.NetworkClient - [AdminClient clientId=adminclient-1] Received API_VERSIONS response from node 0 for request with header RequestHeader(apiKey=API_VERSIONS, apiVersion=3, clientId=adminclient-1, correlationId=2, headerVersion=2): ApiVersionsResponseData(errorCode=0, apiKeys=[ApiVersion(apiKey=0, minVersion=0, maxVersion=11), ApiVersion(apiKey=1, minVersion=0, maxVersion=16), ApiVersion(apiKey=2, minVersion=0, maxVersion=8), ApiVersion(apiKey=3, minVersion=0, maxVersion=12), ApiVersion(apiKey=4, minVersion=0, maxVersion=7), ApiVersion(apiKey=5, minVersion=0, maxVersion=4), ApiVersion(apiKey=6, minVersion=0, maxVersion=8), ApiVersion(apiKey=7, minVersion=0, maxVersion=3), ApiVersion(apiKey=8, minVersion=0, maxVersion=9), ApiVersion(apiKey=9, minVersion=0, maxVersion=9), ApiVersion(apiKey=10, minVersion=0, maxVersion=5), ApiVersion(apiKey=11, minVersion=0, maxVersion=9), ApiVersion(apiKey=12, minVersion=0, maxVersion=4), ApiVersion(apiKey=13, minVersion=0, maxVersion=5), ApiVersion(apiKey=14, minVersion=0, maxVersion=5), ApiVersion(apiKey=15, minVersion=0, maxVersion=5), ApiVersion(apiKey=16, minVersion=0, maxVersion=5), ApiVersion(apiKey=17, minVersion=0, maxVersion=1), ApiVersion(apiKey=18, minVersion=0, maxVersion=3), ApiVersion(apiKey=19, minVersion=0, maxVersion=7), ApiVersion(apiKey=20, minVersion=0, maxVersion=6), ApiVersion(apiKey=21, minVersion=0, maxVersion=2), ApiVersion(apiKey=22, minVersion=0, maxVersion=5), ApiVersion(apiKey=23, minVersion=0, maxVersion=4), ApiVersion(apiKey=24, minVersion=0, maxVersion=5), ApiVersion(apiKey=25, minVersion=0, maxVersion=4), ApiVersion(apiKey=26, minVersion=0, maxVersion=4), ApiVersion(apiKey=27, minVersion=0, maxVersion=1), ApiVersion(apiKey=28, minVersion=0, maxVersion=4), ApiVersion(apiKey=29, minVersion=0, maxVersion=3), ApiVersion(apiKey=30, minVersion=0, maxVersion=3), ApiVersion(apiKey=31, minVersion=0, maxVersion=3), ApiVersion(apiKey=32, minVersion=0, maxVersion=4), ApiVersion(apiKey=33, minVersion=0, maxVersion=2), ApiVersion(apiKey=34, minVersion=0, maxVersion=2), ApiVersion(apiKey=35, minVersion=0, maxVersion=4), ApiVersion(apiKey=36, minVersion=0, maxVersion=2), ApiVersion(apiKey=37, minVersion=0, maxVersion=3), ApiVersion(apiKey=38, minVersion=0, maxVersion=3), ApiVersion(apiKey=39, minVersion=0, maxVersion=2), ApiVersion(apiKey=40, minVersion=0, maxVersion=2), ApiVersion(apiKey=41, minVersion=0, maxVersion=3), ApiVersion(apiKey=42, minVersion=0, maxVersion=2), ApiVersion(apiKey=43, minVersion=0, maxVersion=2), ApiVersion(apiKey=44, minVersion=0, maxVersion=1), ApiVersion(apiKey=45, minVersion=0, maxVersion=0), ApiVersion(apiKey=46, minVersion=0, maxVersion=0), ApiVersion(apiKey=47, minVersion=0, maxVersion=0), ApiVersion(apiKey=48, minVersion=0, maxVersion=1), ApiVersion(apiKey=49, minVersion=0, maxVersion=1), ApiVersion(apiKey=50, minVersion=0, maxVersion=0), ApiVersion(apiKey=51, minVersion=0, maxVersion=0), ApiVersion(apiKey=56, minVersion=0, maxVersion=3), ApiVersion(apiKey=57, minVersion=0, maxVersion=1), ApiVersion(apiKey=58, minVersion=0, maxVersion=0), ApiVersion(apiKey=60, minVersion=0, maxVersion=1), ApiVersion(apiKey=61, minVersion=0, maxVersion=0), ApiVersion(apiKey=65, minVersion=0, maxVersion=0), ApiVersion(apiKey=66, minVersion=0, maxVersion=1), ApiVersion(apiKey=67, minVersion=0, maxVersion=0), ApiVersion(apiKey=68, minVersion=0, maxVersion=0), ApiVersion(apiKey=69, minVersion=0, maxVersion=0)], throttleTimeMs=0, supportedFeatures=[], finalizedFeaturesEpoch=0, finalizedFeatures=[], zkMigrationReady=false)
01:26:53.640 [kafka-admin-client-thread | adminclient-1] DEBUG org.apache.kafka.clients.NetworkClient - [AdminClient clientId=adminclient-1] Node 0 has finalized features epoch: 0, finalized features: [], supported features: [], ZK migration ready: false, API versions: (Produce(0): 0 to 11 [usable: 11], Fetch(1): 0 to 16 [usable: 16], ListOffsets(2): 0 to 8 [usable: 8], Metadata(3): 0 to 12 [usable: 12], LeaderAndIsr(4): 0 to 7 [usable: 7], StopReplica(5): 0 to 4 [usable: 4], UpdateMetadata(6): 0 to 8 [usable: 8], ControlledShutdown(7): 0 to 3 [usable: 3], OffsetCommit(8): 0 to 9 [usable: 9], OffsetFetch(9): 0 to 9 [usable: 9], FindCoordinator(10): 0 to 5 [usable: 5], JoinGroup(11): 0 to 9 [usable: 9], Heartbeat(12): 0 to 4 [usable: 4], LeaveGroup(13): 0 to 5 [usable: 5], SyncGroup(14): 0 to 5 [usable: 5], DescribeGroups(15): 0 to 5 [usable: 5], ListGroups(16): 0 to 5 [usable: 5], SaslHandshake(17): 0 to 1 [usable: 1], ApiVersions(18): 0 to 3 [usable: 3], CreateTopics(19): 0 to 7 [usable: 7], DeleteTopics(20): 0 to 6 [usable: 6], DeleteRecords(21): 0 to 2 [usable: 2], InitProducerId(22): 0 to 5 [usable: 5], OffsetForLeaderEpoch(23): 0 to 4 [usable: 4], AddPartitionsToTxn(24): 0 to 5 [usable: 5], AddOffsetsToTxn(25): 0 to 4 [usable: 4], EndTxn(26): 0 to 4 [usable: 4], WriteTxnMarkers(27): 0 to 1 [usable: 1], TxnOffsetCommit(28): 0 to 4 [usable: 4], DescribeAcls(29): 0 to 3 [usable: 3], CreateAcls(30): 0 to 3 [usable: 3], DeleteAcls(31): 0 to 3 [usable: 3], DescribeConfigs(32): 0 to 4 [usable: 4], AlterConfigs(33): 0 to 2 [usable: 2], AlterReplicaLogDirs(34): 0 to 2 [usable: 2], DescribeLogDirs(35): 0 to 4 [usable: 4], SaslAuthenticate(36): 0 to 2 [usable: 2], CreatePartitions(37): 0 to 3 [usable: 3], CreateDelegationToken(38): 0 to 3 [usable: 3], RenewDelegationToken(39): 0 to 2 [usable: 2], ExpireDelegationToken(40): 0 to 2 [usable: 2], DescribeDelegationToken(41): 0 to 3 [usable: 3], DeleteGroups(42): 0 to 2 [usable: 2], ElectLeaders(43): 0 to 2 [usable: 2], IncrementalAlterConfigs(44): 0 to 1 [usable: 1], AlterPartitionReassignments(45): 0 [usable: 0], ListPartitionReassignments(46): 0 [usable: 0], OffsetDelete(47): 0 [usable: 0], DescribeClientQuotas(48): 0 to 1 [usable: 1], AlterClientQuotas(49): 0 to 1 [usable: 1], DescribeUserScramCredentials(50): 0 [usable: 0], AlterUserScramCredentials(51): 0 [usable: 0], DescribeQuorum(55): UNSUPPORTED, AlterPartition(56): 0 to 3 [usable: 3], UpdateFeatures(57): 0 to 1 [usable: 1], Envelope(58): 0 [usable: 0], DescribeCluster(60): 0 to 1 [usable: 1], DescribeProducers(61): 0 [usable: 0], UnregisterBroker(64): UNSUPPORTED, DescribeTransactions(65): 0 [usable: 0], ListTransactions(66): 0 to 1 [usable: 1], AllocateProducerIds(67): 0 [usable: 0], ConsumerGroupHeartbeat(68): 0 [usable: 0], ConsumerGroupDescribe(69): 0 [usable: 0], GetTelemetrySubscriptions(71): UNSUPPORTED, PushTelemetry(72): UNSUPPORTED, ListClientMetricsResources(74): UNSUPPORTED, DescribeTopicPartitions(75): UNSUPPORTED).
01:26:53.640 [kafka-admin-client-thread | adminclient-1] DEBUG org.apache.kafka.clients.admin.KafkaAdminClient - [AdminClient clientId=adminclient-1] Sending CreateTopicsRequestData(topics=[CreatableTopic(name='payment-topic123', numPartitions=1, replicationFactor=3, assignments=[], configs=[])], timeoutMs=29993, validateOnly=false) to localhost:9092 (id: 0 rack: null). correlationId=3, timeoutMs=29993
01:26:53.641 [kafka-admin-client-thread | adminclient-1] DEBUG org.apache.kafka.clients.NetworkClient - [AdminClient clientId=adminclient-1] Sending CREATE_TOPICS request with header RequestHeader(apiKey=CREATE_TOPICS, apiVersion=7, clientId=adminclient-1, correlationId=3, headerVersion=2) and timeout 29993 to node 0: CreateTopicsRequestData(topics=[CreatableTopic(name='payment-topic123', numPartitions=1, replicationFactor=3, assignments=[], configs=[])], timeoutMs=29993, validateOnly=false)
01:26:53.643 [kafka-admin-client-thread | adminclient-1] DEBUG org.apache.kafka.clients.NetworkClient - [AdminClient clientId=adminclient-1] Received CREATE_TOPICS response from node 0 for request with header RequestHeader(apiKey=CREATE_TOPICS, apiVersion=7, clientId=adminclient-1, correlationId=3, headerVersion=2): CreateTopicsResponseData(throttleTimeMs=0, topics=[CreatableTopicResult(name='payment-topic123', topicId=AAAAAAAAAAAAAAAAAAAAAA, errorCode=36, errorMessage='Topic 'payment-topic123' already exists.', topicConfigErrorCode=0, numPartitions=-1, replicationFactor=-1, configs=[])])
Topic already exists: payment-topic123
01:26:53.645 [main] DEBUG org.apache.kafka.clients.admin.KafkaAdminClient - [AdminClient clientId=adminclient-1] Initiating close operation.
01:26:53.646 [main] DEBUG org.apache.kafka.clients.admin.KafkaAdminClient - [AdminClient clientId=adminclient-1] Waiting for the I/O thread to exit. Hard shutdown in 31536000000 ms.
01:26:53.646 [kafka-admin-client-thread | adminclient-1] INFO org.apache.kafka.common.utils.AppInfoParser - App info kafka.admin.client for adminclient-1 unregistered
01:26:53.651 [kafka-admin-client-thread | adminclient-1] INFO org.apache.kafka.common.metrics.Metrics - Metrics scheduler closed
01:26:53.651 [kafka-admin-client-thread | adminclient-1] INFO org.apache.kafka.common.metrics.Metrics - Closing reporter org.apache.kafka.common.metrics.JmxReporter
01:26:53.651 [kafka-admin-client-thread | adminclient-1] INFO org.apache.kafka.common.metrics.Metrics - Metrics reporters closed
01:26:53.651 [kafka-admin-client-thread | adminclient-1] DEBUG org.apache.kafka.clients.admin.KafkaAdminClient - [AdminClient clientId=adminclient-1] Exiting AdminClientRunnable thread.
01:26:53.651 [main] DEBUG org.apache.kafka.clients.admin.KafkaAdminClient - [AdminClient clientId=adminclient-1] Kafka admin client closed.
01:26:53.678 [main] DEBUG com.jayway.jsonpath.internal.path.CompiledPath - Evaluating path: $
01:26:54.155 [main] INFO org.apache.kafka.clients.producer.ProducerConfig - ProducerConfig values: 
	acks = -1
	auto.include.jmx.reporter = true
	batch.size = 16384
	bootstrap.servers = [localhost:9092]
	buffer.memory = 33554432
	client.dns.lookup = use_all_dns_ips
	client.id = producer-1
	compression.gzip.level = -1
	compression.lz4.level = 9
	compression.type = none
	compression.zstd.level = 3
	connections.max.idle.ms = 540000
	delivery.timeout.ms = 120000
	enable.idempotence = true
	enable.metrics.push = true
	interceptor.classes = []
	key.serializer = class org.apache.kafka.common.serialization.StringSerializer
	linger.ms = 0
	max.block.ms = 60000
	max.in.flight.requests.per.connection = 5
	max.request.size = 1048576
	metadata.max.age.ms = 300000
	metadata.max.idle.ms = 300000
	metadata.recovery.strategy = none
	metric.reporters = []
	metrics.num.samples = 2
	metrics.recording.level = INFO
	metrics.sample.window.ms = 30000
	partitioner.adaptive.partitioning.enable = true
	partitioner.availability.timeout.ms = 0
	partitioner.class = null
	partitioner.ignore.keys = false
	receive.buffer.bytes = 32768
	reconnect.backoff.max.ms = 1000
	reconnect.backoff.ms = 50
	request.timeout.ms = 30000
	retries = 2147483647
	retry.backoff.max.ms = 1000
	retry.backoff.ms = 100
	sasl.client.callback.handler.class = null
	sasl.jaas.config = null
	sasl.kerberos.kinit.cmd = /usr/bin/kinit
	sasl.kerberos.min.time.before.relogin = 60000
	sasl.kerberos.service.name = null
	sasl.kerberos.ticket.renew.jitter = 0.05
	sasl.kerberos.ticket.renew.window.factor = 0.8
	sasl.login.callback.handler.class = null
	sasl.login.class = null
	sasl.login.connect.timeout.ms = null
	sasl.login.read.timeout.ms = null
	sasl.login.refresh.buffer.seconds = 300
	sasl.login.refresh.min.period.seconds = 60
	sasl.login.refresh.window.factor = 0.8
	sasl.login.refresh.window.jitter = 0.05
	sasl.login.retry.backoff.max.ms = 10000
	sasl.login.retry.backoff.ms = 100
	sasl.mechanism = GSSAPI
	sasl.oauthbearer.clock.skew.seconds = 30
	sasl.oauthbearer.expected.audience = null
	sasl.oauthbearer.expected.issuer = null
	sasl.oauthbearer.jwks.endpoint.refresh.ms = 3600000
	sasl.oauthbearer.jwks.endpoint.retry.backoff.max.ms = 10000
	sasl.oauthbearer.jwks.endpoint.retry.backoff.ms = 100
	sasl.oauthbearer.jwks.endpoint.url = null
	sasl.oauthbearer.scope.claim.name = scope
	sasl.oauthbearer.sub.claim.name = sub
	sasl.oauthbearer.token.endpoint.url = null
	security.protocol = PLAINTEXT
	security.providers = null
	send.buffer.bytes = 131072
	socket.connection.setup.timeout.max.ms = 30000
	socket.connection.setup.timeout.ms = 10000
	ssl.cipher.suites = null
	ssl.enabled.protocols = [TLSv1.2, TLSv1.3]
	ssl.endpoint.identification.algorithm = https
	ssl.engine.factory.class = null
	ssl.key.password = null
	ssl.keymanager.algorithm = SunX509
	ssl.keystore.certificate.chain = null
	ssl.keystore.key = null
	ssl.keystore.location = null
	ssl.keystore.password = null
	ssl.keystore.type = JKS
	ssl.protocol = TLSv1.3
	ssl.provider = null
	ssl.secure.random.implementation = null
	ssl.trustmanager.algorithm = PKIX
	ssl.truststore.certificates = null
	ssl.truststore.location = null
	ssl.truststore.password = null
	ssl.truststore.type = JKS
	transaction.timeout.ms = 60000
	transactional.id = null
	value.serializer = class org.apache.kafka.common.serialization.StringSerializer

01:26:54.182 [main] INFO org.apache.kafka.common.telemetry.internals.KafkaMetricsCollector - initializing Kafka metrics collector
01:26:54.189 [main] INFO org.apache.kafka.clients.producer.KafkaProducer - [Producer clientId=producer-1] Instantiated an idempotent producer.
01:26:54.201 [main] INFO org.apache.kafka.common.utils.AppInfoParser - Kafka version: 3.8.0
01:26:54.201 [main] INFO org.apache.kafka.common.utils.AppInfoParser - Kafka commitId: 771b9576b00ecf5b
01:26:54.201 [main] INFO org.apache.kafka.common.utils.AppInfoParser - Kafka startTimeMs: 1723924614201
01:26:54.201 [kafka-producer-network-thread | producer-1] DEBUG org.apache.kafka.clients.producer.internals.Sender - [Producer clientId=producer-1] Starting Kafka producer I/O thread.
01:26:54.202 [kafka-producer-network-thread | producer-1] DEBUG org.apache.kafka.clients.producer.internals.TransactionManager - [Producer clientId=producer-1] Transition from state UNINITIALIZED to INITIALIZING
01:26:54.202 [main] DEBUG org.apache.kafka.clients.producer.KafkaProducer - [Producer clientId=producer-1] Kafka producer started
01:26:54.202 [kafka-producer-network-thread | producer-1] DEBUG org.apache.kafka.clients.producer.internals.TransactionManager - [Producer clientId=producer-1] Enqueuing transactional request InitProducerIdRequestData(transactionalId=null, transactionTimeoutMs=2147483647, producerId=-1, producerEpoch=-1)
01:26:54.203 [kafka-producer-network-thread | producer-1] DEBUG org.apache.kafka.clients.NetworkClient - [Producer clientId=producer-1] Initialize connection to node localhost:9092 (id: -1 rack: null) for sending metadata request
01:26:54.203 [kafka-producer-network-thread | producer-1] DEBUG org.apache.kafka.clients.ClientUtils - Resolved host localhost as 127.0.0.1
01:26:54.203 [kafka-producer-network-thread | producer-1] DEBUG org.apache.kafka.clients.ClusterConnectionStates - [Producer clientId=producer-1] Resolved host localhost to addresses [localhost/127.0.0.1]
01:26:54.203 [kafka-producer-network-thread | producer-1] DEBUG org.apache.kafka.clients.NetworkClient - [Producer clientId=producer-1] Initiating connection to node localhost:9092 (id: -1 rack: null) using address localhost/127.0.0.1
01:26:54.204 [kafka-producer-network-thread | producer-1] DEBUG org.apache.kafka.common.network.Selector - [Producer clientId=producer-1] Created socket with SO_RCVBUF = 326640, SO_SNDBUF = 146988, SO_TIMEOUT = 0 to node -1
01:26:54.205 [kafka-producer-network-thread | producer-1] DEBUG org.apache.kafka.clients.NetworkClient - [Producer clientId=producer-1] Completed connection to node -1. Fetching API versions.
01:26:54.205 [kafka-producer-network-thread | producer-1] DEBUG org.apache.kafka.clients.NetworkClient - [Producer clientId=producer-1] Initiating API versions fetch from node -1.
01:26:54.205 [kafka-producer-network-thread | producer-1] DEBUG org.apache.kafka.clients.NetworkClient - [Producer clientId=producer-1] Sending API_VERSIONS request with header RequestHeader(apiKey=API_VERSIONS, apiVersion=3, clientId=producer-1, correlationId=0, headerVersion=2) and timeout 30000 to node -1: ApiVersionsRequestData(clientSoftwareName='apache-kafka-java', clientSoftwareVersion='3.8.0')
01:26:54.207 [kafka-producer-network-thread | producer-1] DEBUG org.apache.kafka.clients.NetworkClient - [Producer clientId=producer-1] Received API_VERSIONS response from node -1 for request with header RequestHeader(apiKey=API_VERSIONS, apiVersion=3, clientId=producer-1, correlationId=0, headerVersion=2): ApiVersionsResponseData(errorCode=0, apiKeys=[ApiVersion(apiKey=0, minVersion=0, maxVersion=11), ApiVersion(apiKey=1, minVersion=0, maxVersion=16), ApiVersion(apiKey=2, minVersion=0, maxVersion=8), ApiVersion(apiKey=3, minVersion=0, maxVersion=12), ApiVersion(apiKey=4, minVersion=0, maxVersion=7), ApiVersion(apiKey=5, minVersion=0, maxVersion=4), ApiVersion(apiKey=6, minVersion=0, maxVersion=8), ApiVersion(apiKey=7, minVersion=0, maxVersion=3), ApiVersion(apiKey=8, minVersion=0, maxVersion=9), ApiVersion(apiKey=9, minVersion=0, maxVersion=9), ApiVersion(apiKey=10, minVersion=0, maxVersion=5), ApiVersion(apiKey=11, minVersion=0, maxVersion=9), ApiVersion(apiKey=12, minVersion=0, maxVersion=4), ApiVersion(apiKey=13, minVersion=0, maxVersion=5), ApiVersion(apiKey=14, minVersion=0, maxVersion=5), ApiVersion(apiKey=15, minVersion=0, maxVersion=5), ApiVersion(apiKey=16, minVersion=0, maxVersion=5), ApiVersion(apiKey=17, minVersion=0, maxVersion=1), ApiVersion(apiKey=18, minVersion=0, maxVersion=3), ApiVersion(apiKey=19, minVersion=0, maxVersion=7), ApiVersion(apiKey=20, minVersion=0, maxVersion=6), ApiVersion(apiKey=21, minVersion=0, maxVersion=2), ApiVersion(apiKey=22, minVersion=0, maxVersion=5), ApiVersion(apiKey=23, minVersion=0, maxVersion=4), ApiVersion(apiKey=24, minVersion=0, maxVersion=5), ApiVersion(apiKey=25, minVersion=0, maxVersion=4), ApiVersion(apiKey=26, minVersion=0, maxVersion=4), ApiVersion(apiKey=27, minVersion=0, maxVersion=1), ApiVersion(apiKey=28, minVersion=0, maxVersion=4), ApiVersion(apiKey=29, minVersion=0, maxVersion=3), ApiVersion(apiKey=30, minVersion=0, maxVersion=3), ApiVersion(apiKey=31, minVersion=0, maxVersion=3), ApiVersion(apiKey=32, minVersion=0, maxVersion=4), ApiVersion(apiKey=33, minVersion=0, maxVersion=2), ApiVersion(apiKey=34, minVersion=0, maxVersion=2), ApiVersion(apiKey=35, minVersion=0, maxVersion=4), ApiVersion(apiKey=36, minVersion=0, maxVersion=2), ApiVersion(apiKey=37, minVersion=0, maxVersion=3), ApiVersion(apiKey=38, minVersion=0, maxVersion=3), ApiVersion(apiKey=39, minVersion=0, maxVersion=2), ApiVersion(apiKey=40, minVersion=0, maxVersion=2), ApiVersion(apiKey=41, minVersion=0, maxVersion=3), ApiVersion(apiKey=42, minVersion=0, maxVersion=2), ApiVersion(apiKey=43, minVersion=0, maxVersion=2), ApiVersion(apiKey=44, minVersion=0, maxVersion=1), ApiVersion(apiKey=45, minVersion=0, maxVersion=0), ApiVersion(apiKey=46, minVersion=0, maxVersion=0), ApiVersion(apiKey=47, minVersion=0, maxVersion=0), ApiVersion(apiKey=48, minVersion=0, maxVersion=1), ApiVersion(apiKey=49, minVersion=0, maxVersion=1), ApiVersion(apiKey=50, minVersion=0, maxVersion=0), ApiVersion(apiKey=51, minVersion=0, maxVersion=0), ApiVersion(apiKey=56, minVersion=0, maxVersion=3), ApiVersion(apiKey=57, minVersion=0, maxVersion=1), ApiVersion(apiKey=58, minVersion=0, maxVersion=0), ApiVersion(apiKey=60, minVersion=0, maxVersion=1), ApiVersion(apiKey=61, minVersion=0, maxVersion=0), ApiVersion(apiKey=65, minVersion=0, maxVersion=0), ApiVersion(apiKey=66, minVersion=0, maxVersion=1), ApiVersion(apiKey=67, minVersion=0, maxVersion=0), ApiVersion(apiKey=68, minVersion=0, maxVersion=0), ApiVersion(apiKey=69, minVersion=0, maxVersion=0)], throttleTimeMs=0, supportedFeatures=[], finalizedFeaturesEpoch=0, finalizedFeatures=[], zkMigrationReady=false)
01:26:54.207 [kafka-producer-network-thread | producer-1] DEBUG org.apache.kafka.clients.NetworkClient - [Producer clientId=producer-1] Node -1 has finalized features epoch: 0, finalized features: [], supported features: [], ZK migration ready: false, API versions: (Produce(0): 0 to 11 [usable: 11], Fetch(1): 0 to 16 [usable: 16], ListOffsets(2): 0 to 8 [usable: 8], Metadata(3): 0 to 12 [usable: 12], LeaderAndIsr(4): 0 to 7 [usable: 7], StopReplica(5): 0 to 4 [usable: 4], UpdateMetadata(6): 0 to 8 [usable: 8], ControlledShutdown(7): 0 to 3 [usable: 3], OffsetCommit(8): 0 to 9 [usable: 9], OffsetFetch(9): 0 to 9 [usable: 9], FindCoordinator(10): 0 to 5 [usable: 5], JoinGroup(11): 0 to 9 [usable: 9], Heartbeat(12): 0 to 4 [usable: 4], LeaveGroup(13): 0 to 5 [usable: 5], SyncGroup(14): 0 to 5 [usable: 5], DescribeGroups(15): 0 to 5 [usable: 5], ListGroups(16): 0 to 5 [usable: 5], SaslHandshake(17): 0 to 1 [usable: 1], ApiVersions(18): 0 to 3 [usable: 3], CreateTopics(19): 0 to 7 [usable: 7], DeleteTopics(20): 0 to 6 [usable: 6], DeleteRecords(21): 0 to 2 [usable: 2], InitProducerId(22): 0 to 5 [usable: 5], OffsetForLeaderEpoch(23): 0 to 4 [usable: 4], AddPartitionsToTxn(24): 0 to 5 [usable: 5], AddOffsetsToTxn(25): 0 to 4 [usable: 4], EndTxn(26): 0 to 4 [usable: 4], WriteTxnMarkers(27): 0 to 1 [usable: 1], TxnOffsetCommit(28): 0 to 4 [usable: 4], DescribeAcls(29): 0 to 3 [usable: 3], CreateAcls(30): 0 to 3 [usable: 3], DeleteAcls(31): 0 to 3 [usable: 3], DescribeConfigs(32): 0 to 4 [usable: 4], AlterConfigs(33): 0 to 2 [usable: 2], AlterReplicaLogDirs(34): 0 to 2 [usable: 2], DescribeLogDirs(35): 0 to 4 [usable: 4], SaslAuthenticate(36): 0 to 2 [usable: 2], CreatePartitions(37): 0 to 3 [usable: 3], CreateDelegationToken(38): 0 to 3 [usable: 3], RenewDelegationToken(39): 0 to 2 [usable: 2], ExpireDelegationToken(40): 0 to 2 [usable: 2], DescribeDelegationToken(41): 0 to 3 [usable: 3], DeleteGroups(42): 0 to 2 [usable: 2], ElectLeaders(43): 0 to 2 [usable: 2], IncrementalAlterConfigs(44): 0 to 1 [usable: 1], AlterPartitionReassignments(45): 0 [usable: 0], ListPartitionReassignments(46): 0 [usable: 0], OffsetDelete(47): 0 [usable: 0], DescribeClientQuotas(48): 0 to 1 [usable: 1], AlterClientQuotas(49): 0 to 1 [usable: 1], DescribeUserScramCredentials(50): 0 [usable: 0], AlterUserScramCredentials(51): 0 [usable: 0], DescribeQuorum(55): UNSUPPORTED, AlterPartition(56): 0 to 3 [usable: 3], UpdateFeatures(57): 0 to 1 [usable: 1], Envelope(58): 0 [usable: 0], DescribeCluster(60): 0 to 1 [usable: 1], DescribeProducers(61): 0 [usable: 0], UnregisterBroker(64): UNSUPPORTED, DescribeTransactions(65): 0 [usable: 0], ListTransactions(66): 0 to 1 [usable: 1], AllocateProducerIds(67): 0 [usable: 0], ConsumerGroupHeartbeat(68): 0 [usable: 0], ConsumerGroupDescribe(69): 0 [usable: 0], GetTelemetrySubscriptions(71): UNSUPPORTED, PushTelemetry(72): UNSUPPORTED, ListClientMetricsResources(74): UNSUPPORTED, DescribeTopicPartitions(75): UNSUPPORTED).
01:26:54.208 [kafka-producer-network-thread | producer-1] DEBUG org.apache.kafka.clients.NetworkClient - [Producer clientId=producer-1] Sending metadata request MetadataRequestData(topics=[MetadataRequestTopic(topicId=AAAAAAAAAAAAAAAAAAAAAA, name='payment-topic123')], allowAutoTopicCreation=true, includeClusterAuthorizedOperations=false, includeTopicAuthorizedOperations=false) to node localhost:9092 (id: -1 rack: null)
01:26:54.208 [kafka-producer-network-thread | producer-1] DEBUG org.apache.kafka.clients.NetworkClient - [Producer clientId=producer-1] Sending METADATA request with header RequestHeader(apiKey=METADATA, apiVersion=12, clientId=producer-1, correlationId=1, headerVersion=2) and timeout 30000 to node -1: MetadataRequestData(topics=[MetadataRequestTopic(topicId=AAAAAAAAAAAAAAAAAAAAAA, name='payment-topic123')], allowAutoTopicCreation=true, includeClusterAuthorizedOperations=false, includeTopicAuthorizedOperations=false)
01:26:54.209 [kafka-producer-network-thread | producer-1] DEBUG org.apache.kafka.clients.NetworkClient - [Producer clientId=producer-1] Give up sending telemetry request since no node is available
01:26:54.209 [kafka-producer-network-thread | producer-1] DEBUG org.apache.kafka.clients.producer.internals.Sender - [Producer clientId=producer-1] Sending transactional request InitProducerIdRequestData(transactionalId=null, transactionTimeoutMs=2147483647, producerId=-1, producerEpoch=-1) to node localhost:9092 (id: -1 rack: null) with correlation ID 2
01:26:54.209 [kafka-producer-network-thread | producer-1] DEBUG org.apache.kafka.clients.NetworkClient - [Producer clientId=producer-1] Sending INIT_PRODUCER_ID request with header RequestHeader(apiKey=INIT_PRODUCER_ID, apiVersion=5, clientId=producer-1, correlationId=2, headerVersion=2) and timeout 30000 to node -1: InitProducerIdRequestData(transactionalId=null, transactionTimeoutMs=2147483647, producerId=-1, producerEpoch=-1)
01:26:54.209 [kafka-producer-network-thread | producer-1] DEBUG org.apache.kafka.clients.NetworkClient - [Producer clientId=producer-1] Give up sending telemetry request since no node is available
01:26:54.209 [kafka-producer-network-thread | producer-1] DEBUG org.apache.kafka.common.telemetry.internals.ClientTelemetryReporter - Creating telemetry subscription request with client instance id AAAAAAAAAAAAAAAAAAAAAA
01:26:54.209 [kafka-producer-network-thread | producer-1] DEBUG org.apache.kafka.common.telemetry.internals.ClientTelemetryReporter - Setting telemetry state from SUBSCRIPTION_NEEDED to SUBSCRIPTION_IN_PROGRESS
01:26:54.210 [kafka-producer-network-thread | producer-1] DEBUG org.apache.kafka.clients.NetworkClient - [Producer clientId=producer-1] Version mismatch when attempting to send GetTelemetrySubscriptionsRequestData(clientInstanceId=AAAAAAAAAAAAAAAAAAAAAA) with correlation id 3 to -1
org.apache.kafka.common.errors.UnsupportedVersionException: The node does not support GET_TELEMETRY_SUBSCRIPTIONS
01:26:54.210 [kafka-producer-network-thread | producer-1] DEBUG org.apache.kafka.common.telemetry.internals.ClientTelemetryReporter - The broker generated an error for the get telemetry network API request
org.apache.kafka.common.errors.UnsupportedVersionException: The node does not support GET_TELEMETRY_SUBSCRIPTIONS
01:26:54.210 [kafka-producer-network-thread | producer-1] DEBUG org.apache.kafka.common.telemetry.internals.ClientTelemetryReporter - Updating intervalMs: 300000, lastRequestMs: 1723924614210
01:26:54.210 [kafka-producer-network-thread | producer-1] DEBUG org.apache.kafka.common.telemetry.internals.ClientTelemetryReporter - Setting telemetry state from SUBSCRIPTION_IN_PROGRESS to SUBSCRIPTION_NEEDED
01:26:54.211 [kafka-producer-network-thread | producer-1] DEBUG org.apache.kafka.clients.NetworkClient - [Producer clientId=producer-1] Received METADATA response from node -1 for request with header RequestHeader(apiKey=METADATA, apiVersion=12, clientId=producer-1, correlationId=1, headerVersion=2): MetadataResponseData(throttleTimeMs=0, brokers=[MetadataResponseBroker(nodeId=0, host='localhost', port=9092, rack=null)], clusterId='hvCv1KchSFWSmS9VUg4heg', controllerId=0, topics=[MetadataResponseTopic(errorCode=0, name='payment-topic123', topicId=xrCcHZByQCKf8bmg_qVeiA, isInternal=false, partitions=[MetadataResponsePartition(errorCode=0, partitionIndex=0, leaderId=0, leaderEpoch=0, replicaNodes=[0], isrNodes=[0], offlineReplicas=[]), MetadataResponsePartition(errorCode=0, partitionIndex=1, leaderId=0, leaderEpoch=0, replicaNodes=[0], isrNodes=[0], offlineReplicas=[]), MetadataResponsePartition(errorCode=0, partitionIndex=2, leaderId=0, leaderEpoch=0, replicaNodes=[0], isrNodes=[0], offlineReplicas=[])], topicAuthorizedOperations=-2147483648)], clusterAuthorizedOperations=-2147483648)
01:26:54.212 [kafka-producer-network-thread | producer-1] DEBUG org.apache.kafka.clients.Metadata - [Producer clientId=producer-1] Setting the last seen epoch of partition payment-topic123-0 to 0 since the last known epoch was undefined.
01:26:54.212 [kafka-producer-network-thread | producer-1] DEBUG org.apache.kafka.clients.Metadata - [Producer clientId=producer-1] Setting the last seen epoch of partition payment-topic123-1 to 0 since the last known epoch was undefined.
01:26:54.212 [kafka-producer-network-thread | producer-1] DEBUG org.apache.kafka.clients.Metadata - [Producer clientId=producer-1] Setting the last seen epoch of partition payment-topic123-2 to 0 since the last known epoch was undefined.
01:26:54.213 [kafka-producer-network-thread | producer-1] INFO org.apache.kafka.clients.Metadata - [Producer clientId=producer-1] Cluster ID: hvCv1KchSFWSmS9VUg4heg
01:26:54.213 [kafka-producer-network-thread | producer-1] DEBUG org.apache.kafka.clients.Metadata - [Producer clientId=producer-1] Updated cluster metadata updateVersion 2 to MetadataSnapshot{clusterId='hvCv1KchSFWSmS9VUg4heg', nodes={0=localhost:9092 (id: 0 rack: null)}, partitions=[PartitionMetadata(error=NONE, partition=payment-topic123-2, leader=Optional[0], leaderEpoch=Optional[0], replicas=0, isr=0, offlineReplicas=), PartitionMetadata(error=NONE, partition=payment-topic123-1, leader=Optional[0], leaderEpoch=Optional[0], replicas=0, isr=0, offlineReplicas=), PartitionMetadata(error=NONE, partition=payment-topic123-0, leader=Optional[0], leaderEpoch=Optional[0], replicas=0, isr=0, offlineReplicas=)], controller=localhost:9092 (id: 0 rack: null)}
01:26:54.214 [kafka-producer-network-thread | producer-1] DEBUG org.apache.kafka.clients.NetworkClient - [Producer clientId=producer-1] Received INIT_PRODUCER_ID response from node -1 for request with header RequestHeader(apiKey=INIT_PRODUCER_ID, apiVersion=5, clientId=producer-1, correlationId=2, headerVersion=2): InitProducerIdResponseData(throttleTimeMs=0, errorCode=0, producerId=6001, producerEpoch=0)
01:26:54.214 [kafka-producer-network-thread | producer-1] INFO org.apache.kafka.clients.producer.internals.TransactionManager - [Producer clientId=producer-1] ProducerId set to 6001 with epoch 0
01:26:54.214 [kafka-producer-network-thread | producer-1] DEBUG org.apache.kafka.clients.producer.internals.TransactionManager - [Producer clientId=producer-1] Transition from state INITIALIZING to READY
01:26:54.221 [main] INFO org.apache.kafka.clients.producer.KafkaProducer - [Producer clientId=producer-1] Closing the Kafka producer with timeoutMillis = 9223372036854775807 ms.
01:26:54.221 [kafka-producer-network-thread | producer-1] DEBUG org.apache.kafka.clients.ClientUtils - Resolved host localhost as 127.0.0.1
01:26:54.221 [kafka-producer-network-thread | producer-1] DEBUG org.apache.kafka.clients.ClusterConnectionStates - [Producer clientId=producer-1] Resolved host localhost to addresses [localhost/127.0.0.1]
01:26:54.221 [kafka-producer-network-thread | producer-1] DEBUG org.apache.kafka.clients.NetworkClient - [Producer clientId=producer-1] Initiating connection to node localhost:9092 (id: 0 rack: null) using address localhost/127.0.0.1
01:26:54.222 [kafka-producer-network-thread | producer-1] DEBUG org.apache.kafka.common.network.Selector - [Producer clientId=producer-1] Created socket with SO_RCVBUF = 326640, SO_SNDBUF = 146988, SO_TIMEOUT = 0 to node 0
01:26:54.222 [kafka-producer-network-thread | producer-1] DEBUG org.apache.kafka.clients.NetworkClient - [Producer clientId=producer-1] Completed connection to node 0. Fetching API versions.
01:26:54.223 [kafka-producer-network-thread | producer-1] DEBUG org.apache.kafka.clients.NetworkClient - [Producer clientId=producer-1] Initiating API versions fetch from node 0.
01:26:54.223 [kafka-producer-network-thread | producer-1] DEBUG org.apache.kafka.clients.NetworkClient - [Producer clientId=producer-1] Sending API_VERSIONS request with header RequestHeader(apiKey=API_VERSIONS, apiVersion=3, clientId=producer-1, correlationId=4, headerVersion=2) and timeout 30000 to node 0: ApiVersionsRequestData(clientSoftwareName='apache-kafka-java', clientSoftwareVersion='3.8.0')
01:26:54.223 [kafka-producer-network-thread | producer-1] DEBUG org.apache.kafka.clients.producer.internals.Sender - [Producer clientId=producer-1] Beginning shutdown of Kafka producer I/O thread, sending remaining records.
01:26:54.224 [kafka-producer-network-thread | producer-1] DEBUG org.apache.kafka.clients.NetworkClient - [Producer clientId=producer-1] Received API_VERSIONS response from node 0 for request with header RequestHeader(apiKey=API_VERSIONS, apiVersion=3, clientId=producer-1, correlationId=4, headerVersion=2): ApiVersionsResponseData(errorCode=0, apiKeys=[ApiVersion(apiKey=0, minVersion=0, maxVersion=11), ApiVersion(apiKey=1, minVersion=0, maxVersion=16), ApiVersion(apiKey=2, minVersion=0, maxVersion=8), ApiVersion(apiKey=3, minVersion=0, maxVersion=12), ApiVersion(apiKey=4, minVersion=0, maxVersion=7), ApiVersion(apiKey=5, minVersion=0, maxVersion=4), ApiVersion(apiKey=6, minVersion=0, maxVersion=8), ApiVersion(apiKey=7, minVersion=0, maxVersion=3), ApiVersion(apiKey=8, minVersion=0, maxVersion=9), ApiVersion(apiKey=9, minVersion=0, maxVersion=9), ApiVersion(apiKey=10, minVersion=0, maxVersion=5), ApiVersion(apiKey=11, minVersion=0, maxVersion=9), ApiVersion(apiKey=12, minVersion=0, maxVersion=4), ApiVersion(apiKey=13, minVersion=0, maxVersion=5), ApiVersion(apiKey=14, minVersion=0, maxVersion=5), ApiVersion(apiKey=15, minVersion=0, maxVersion=5), ApiVersion(apiKey=16, minVersion=0, maxVersion=5), ApiVersion(apiKey=17, minVersion=0, maxVersion=1), ApiVersion(apiKey=18, minVersion=0, maxVersion=3), ApiVersion(apiKey=19, minVersion=0, maxVersion=7), ApiVersion(apiKey=20, minVersion=0, maxVersion=6), ApiVersion(apiKey=21, minVersion=0, maxVersion=2), ApiVersion(apiKey=22, minVersion=0, maxVersion=5), ApiVersion(apiKey=23, minVersion=0, maxVersion=4), ApiVersion(apiKey=24, minVersion=0, maxVersion=5), ApiVersion(apiKey=25, minVersion=0, maxVersion=4), ApiVersion(apiKey=26, minVersion=0, maxVersion=4), ApiVersion(apiKey=27, minVersion=0, maxVersion=1), ApiVersion(apiKey=28, minVersion=0, maxVersion=4), ApiVersion(apiKey=29, minVersion=0, maxVersion=3), ApiVersion(apiKey=30, minVersion=0, maxVersion=3), ApiVersion(apiKey=31, minVersion=0, maxVersion=3), ApiVersion(apiKey=32, minVersion=0, maxVersion=4), ApiVersion(apiKey=33, minVersion=0, maxVersion=2), ApiVersion(apiKey=34, minVersion=0, maxVersion=2), ApiVersion(apiKey=35, minVersion=0, maxVersion=4), ApiVersion(apiKey=36, minVersion=0, maxVersion=2), ApiVersion(apiKey=37, minVersion=0, maxVersion=3), ApiVersion(apiKey=38, minVersion=0, maxVersion=3), ApiVersion(apiKey=39, minVersion=0, maxVersion=2), ApiVersion(apiKey=40, minVersion=0, maxVersion=2), ApiVersion(apiKey=41, minVersion=0, maxVersion=3), ApiVersion(apiKey=42, minVersion=0, maxVersion=2), ApiVersion(apiKey=43, minVersion=0, maxVersion=2), ApiVersion(apiKey=44, minVersion=0, maxVersion=1), ApiVersion(apiKey=45, minVersion=0, maxVersion=0), ApiVersion(apiKey=46, minVersion=0, maxVersion=0), ApiVersion(apiKey=47, minVersion=0, maxVersion=0), ApiVersion(apiKey=48, minVersion=0, maxVersion=1), ApiVersion(apiKey=49, minVersion=0, maxVersion=1), ApiVersion(apiKey=50, minVersion=0, maxVersion=0), ApiVersion(apiKey=51, minVersion=0, maxVersion=0), ApiVersion(apiKey=56, minVersion=0, maxVersion=3), ApiVersion(apiKey=57, minVersion=0, maxVersion=1), ApiVersion(apiKey=58, minVersion=0, maxVersion=0), ApiVersion(apiKey=60, minVersion=0, maxVersion=1), ApiVersion(apiKey=61, minVersion=0, maxVersion=0), ApiVersion(apiKey=65, minVersion=0, maxVersion=0), ApiVersion(apiKey=66, minVersion=0, maxVersion=1), ApiVersion(apiKey=67, minVersion=0, maxVersion=0), ApiVersion(apiKey=68, minVersion=0, maxVersion=0), ApiVersion(apiKey=69, minVersion=0, maxVersion=0)], throttleTimeMs=0, supportedFeatures=[], finalizedFeaturesEpoch=0, finalizedFeatures=[], zkMigrationReady=false)
01:26:54.225 [kafka-producer-network-thread | producer-1] DEBUG org.apache.kafka.clients.NetworkClient - [Producer clientId=producer-1] Node 0 has finalized features epoch: 0, finalized features: [], supported features: [], ZK migration ready: false, API versions: (Produce(0): 0 to 11 [usable: 11], Fetch(1): 0 to 16 [usable: 16], ListOffsets(2): 0 to 8 [usable: 8], Metadata(3): 0 to 12 [usable: 12], LeaderAndIsr(4): 0 to 7 [usable: 7], StopReplica(5): 0 to 4 [usable: 4], UpdateMetadata(6): 0 to 8 [usable: 8], ControlledShutdown(7): 0 to 3 [usable: 3], OffsetCommit(8): 0 to 9 [usable: 9], OffsetFetch(9): 0 to 9 [usable: 9], FindCoordinator(10): 0 to 5 [usable: 5], JoinGroup(11): 0 to 9 [usable: 9], Heartbeat(12): 0 to 4 [usable: 4], LeaveGroup(13): 0 to 5 [usable: 5], SyncGroup(14): 0 to 5 [usable: 5], DescribeGroups(15): 0 to 5 [usable: 5], ListGroups(16): 0 to 5 [usable: 5], SaslHandshake(17): 0 to 1 [usable: 1], ApiVersions(18): 0 to 3 [usable: 3], CreateTopics(19): 0 to 7 [usable: 7], DeleteTopics(20): 0 to 6 [usable: 6], DeleteRecords(21): 0 to 2 [usable: 2], InitProducerId(22): 0 to 5 [usable: 5], OffsetForLeaderEpoch(23): 0 to 4 [usable: 4], AddPartitionsToTxn(24): 0 to 5 [usable: 5], AddOffsetsToTxn(25): 0 to 4 [usable: 4], EndTxn(26): 0 to 4 [usable: 4], WriteTxnMarkers(27): 0 to 1 [usable: 1], TxnOffsetCommit(28): 0 to 4 [usable: 4], DescribeAcls(29): 0 to 3 [usable: 3], CreateAcls(30): 0 to 3 [usable: 3], DeleteAcls(31): 0 to 3 [usable: 3], DescribeConfigs(32): 0 to 4 [usable: 4], AlterConfigs(33): 0 to 2 [usable: 2], AlterReplicaLogDirs(34): 0 to 2 [usable: 2], DescribeLogDirs(35): 0 to 4 [usable: 4], SaslAuthenticate(36): 0 to 2 [usable: 2], CreatePartitions(37): 0 to 3 [usable: 3], CreateDelegationToken(38): 0 to 3 [usable: 3], RenewDelegationToken(39): 0 to 2 [usable: 2], ExpireDelegationToken(40): 0 to 2 [usable: 2], DescribeDelegationToken(41): 0 to 3 [usable: 3], DeleteGroups(42): 0 to 2 [usable: 2], ElectLeaders(43): 0 to 2 [usable: 2], IncrementalAlterConfigs(44): 0 to 1 [usable: 1], AlterPartitionReassignments(45): 0 [usable: 0], ListPartitionReassignments(46): 0 [usable: 0], OffsetDelete(47): 0 [usable: 0], DescribeClientQuotas(48): 0 to 1 [usable: 1], AlterClientQuotas(49): 0 to 1 [usable: 1], DescribeUserScramCredentials(50): 0 [usable: 0], AlterUserScramCredentials(51): 0 [usable: 0], DescribeQuorum(55): UNSUPPORTED, AlterPartition(56): 0 to 3 [usable: 3], UpdateFeatures(57): 0 to 1 [usable: 1], Envelope(58): 0 [usable: 0], DescribeCluster(60): 0 to 1 [usable: 1], DescribeProducers(61): 0 [usable: 0], UnregisterBroker(64): UNSUPPORTED, DescribeTransactions(65): 0 [usable: 0], ListTransactions(66): 0 to 1 [usable: 1], AllocateProducerIds(67): 0 [usable: 0], ConsumerGroupHeartbeat(68): 0 [usable: 0], ConsumerGroupDescribe(69): 0 [usable: 0], GetTelemetrySubscriptions(71): UNSUPPORTED, PushTelemetry(72): UNSUPPORTED, ListClientMetricsResources(74): UNSUPPORTED, DescribeTopicPartitions(75): UNSUPPORTED).
01:26:54.227 [kafka-producer-network-thread | producer-1] DEBUG org.apache.kafka.clients.producer.internals.TransactionManager - [Producer clientId=producer-1] ProducerId of partition payment-topic123-0 set to 6001 with epoch 0. Reinitialize sequence at beginning.
01:26:54.227 [kafka-producer-network-thread | producer-1] DEBUG org.apache.kafka.clients.producer.internals.RecordAccumulator - [Producer clientId=producer-1] Assigned producerId 6001 and producerEpoch 0 to batch with base sequence 0 being sent to partition payment-topic123-0
01:26:54.233 [kafka-producer-network-thread | producer-1] DEBUG org.apache.kafka.clients.NetworkClient - [Producer clientId=producer-1] Sending PRODUCE request with header RequestHeader(apiKey=PRODUCE, apiVersion=11, clientId=producer-1, correlationId=5, headerVersion=2) and timeout 30000 to node 0: {acks=-1,timeout=30000,partitionSizes=[payment-topic123-0=131]}
01:26:54.237 [kafka-producer-network-thread | producer-1] DEBUG org.apache.kafka.clients.NetworkClient - [Producer clientId=producer-1] Received PRODUCE response from node 0 for request with header RequestHeader(apiKey=PRODUCE, apiVersion=11, clientId=producer-1, correlationId=5, headerVersion=2): ProduceResponseData(responses=[TopicProduceResponse(name='payment-topic123', partitionResponses=[PartitionProduceResponse(index=0, errorCode=0, baseOffset=2, logAppendTimeMs=-1, logStartOffset=0, recordErrors=[], errorMessage=null, currentLeader=LeaderIdAndEpoch(leaderId=-1, leaderEpoch=-1))])], throttleTimeMs=0, nodeEndpoints=[])
01:26:54.238 [kafka-producer-network-thread | producer-1] DEBUG org.apache.kafka.clients.producer.internals.TransactionManager - [Producer clientId=producer-1] ProducerId: 6001; Set last ack'd sequence number for topic-partition payment-topic123-0 to 0
01:26:54.239 [kafka-producer-network-thread | producer-1] DEBUG org.apache.kafka.common.telemetry.internals.KafkaMetricsCollector - removing kafka metric : MetricName [name=connection-count, group=producer-metrics, description=The current number of active connections., tags={client-id=producer-1}]
01:26:54.239 [kafka-producer-network-thread | producer-1] DEBUG org.apache.kafka.common.telemetry.internals.KafkaMetricsCollector - removing kafka metric : MetricName [name=connection-close-total, group=producer-metrics, description=The total number of connections closed, tags={client-id=producer-1}]
01:26:54.239 [kafka-producer-network-thread | producer-1] DEBUG org.apache.kafka.common.telemetry.internals.KafkaMetricsCollector - removing kafka metric : MetricName [name=connection-close-rate, group=producer-metrics, description=The number of connections closed per second, tags={client-id=producer-1}]
01:26:54.239 [kafka-producer-network-thread | producer-1] DEBUG org.apache.kafka.common.telemetry.internals.KafkaMetricsCollector - removing kafka metric : MetricName [name=connection-creation-total, group=producer-metrics, description=The total number of new connections established, tags={client-id=producer-1}]
01:26:54.239 [kafka-producer-network-thread | producer-1] DEBUG org.apache.kafka.common.telemetry.internals.KafkaMetricsCollector - removing kafka metric : MetricName [name=connection-creation-rate, group=producer-metrics, description=The number of new connections established per second, tags={client-id=producer-1}]
01:26:54.239 [kafka-producer-network-thread | producer-1] DEBUG org.apache.kafka.common.telemetry.internals.KafkaMetricsCollector - removing kafka metric : MetricName [name=successful-authentication-total, group=producer-metrics, description=The total number of connections with successful authentication, tags={client-id=producer-1}]
01:26:54.240 [kafka-producer-network-thread | producer-1] DEBUG org.apache.kafka.common.telemetry.internals.KafkaMetricsCollector - removing kafka metric : MetricName [name=successful-authentication-rate, group=producer-metrics, description=The number of connections with successful authentication per second, tags={client-id=producer-1}]
01:26:54.240 [kafka-producer-network-thread | producer-1] DEBUG org.apache.kafka.common.telemetry.internals.KafkaMetricsCollector - removing kafka metric : MetricName [name=successful-reauthentication-total, group=producer-metrics, description=The total number of successful re-authentication of connections, tags={client-id=producer-1}]
01:26:54.240 [kafka-producer-network-thread | producer-1] DEBUG org.apache.kafka.common.telemetry.internals.KafkaMetricsCollector - removing kafka metric : MetricName [name=successful-reauthentication-rate, group=producer-metrics, description=The number of successful re-authentication of connections per second, tags={client-id=producer-1}]
01:26:54.240 [kafka-producer-network-thread | producer-1] DEBUG org.apache.kafka.common.telemetry.internals.KafkaMetricsCollector - removing kafka metric : MetricName [name=successful-authentication-no-reauth-total, group=producer-metrics, description=The total number of connections with successful authentication where the client does not support re-authentication, tags={client-id=producer-1}]
01:26:54.240 [kafka-producer-network-thread | producer-1] DEBUG org.apache.kafka.common.telemetry.internals.KafkaMetricsCollector - removing kafka metric : MetricName [name=failed-authentication-total, group=producer-metrics, description=The total number of connections with failed authentication, tags={client-id=producer-1}]
01:26:54.240 [kafka-producer-network-thread | producer-1] DEBUG org.apache.kafka.common.telemetry.internals.KafkaMetricsCollector - removing kafka metric : MetricName [name=failed-authentication-rate, group=producer-metrics, description=The number of connections with failed authentication per second, tags={client-id=producer-1}]
01:26:54.240 [kafka-producer-network-thread | producer-1] DEBUG org.apache.kafka.common.telemetry.internals.KafkaMetricsCollector - removing kafka metric : MetricName [name=failed-reauthentication-total, group=producer-metrics, description=The total number of failed re-authentication of connections, tags={client-id=producer-1}]
01:26:54.240 [kafka-producer-network-thread | producer-1] DEBUG org.apache.kafka.common.telemetry.internals.KafkaMetricsCollector - removing kafka metric : MetricName [name=failed-reauthentication-rate, group=producer-metrics, description=The number of failed re-authentication of connections per second, tags={client-id=producer-1}]
01:26:54.240 [kafka-producer-network-thread | producer-1] DEBUG org.apache.kafka.common.telemetry.internals.KafkaMetricsCollector - removing kafka metric : MetricName [name=reauthentication-latency-max, group=producer-metrics, description=The max latency observed due to re-authentication, tags={client-id=producer-1}]
01:26:54.240 [kafka-producer-network-thread | producer-1] DEBUG org.apache.kafka.common.telemetry.internals.KafkaMetricsCollector - removing kafka metric : MetricName [name=reauthentication-latency-avg, group=producer-metrics, description=The average latency observed due to re-authentication, tags={client-id=producer-1}]
01:26:54.241 [kafka-producer-network-thread | producer-1] DEBUG org.apache.kafka.common.telemetry.internals.KafkaMetricsCollector - removing kafka metric : MetricName [name=network-io-total, group=producer-metrics, description=The total number of network operations (reads or writes) on all connections, tags={client-id=producer-1}]
01:26:54.241 [kafka-producer-network-thread | producer-1] DEBUG org.apache.kafka.common.telemetry.internals.KafkaMetricsCollector - removing kafka metric : MetricName [name=network-io-rate, group=producer-metrics, description=The number of network operations (reads or writes) on all connections per second, tags={client-id=producer-1}]
01:26:54.241 [kafka-producer-network-thread | producer-1] DEBUG org.apache.kafka.common.telemetry.internals.KafkaMetricsCollector - removing kafka metric : MetricName [name=outgoing-byte-total, group=producer-metrics, description=The total number of outgoing bytes sent to all servers, tags={client-id=producer-1}]
01:26:54.241 [kafka-producer-network-thread | producer-1] DEBUG org.apache.kafka.common.telemetry.internals.KafkaMetricsCollector - removing kafka metric : MetricName [name=outgoing-byte-rate, group=producer-metrics, description=The number of outgoing bytes sent to all servers per second, tags={client-id=producer-1}]
01:26:54.241 [kafka-producer-network-thread | producer-1] DEBUG org.apache.kafka.common.telemetry.internals.KafkaMetricsCollector - removing kafka metric : MetricName [name=incoming-byte-total, group=producer-metrics, description=The total number of bytes read off all sockets, tags={client-id=producer-1}]
01:26:54.241 [kafka-producer-network-thread | producer-1] DEBUG org.apache.kafka.common.telemetry.internals.KafkaMetricsCollector - removing kafka metric : MetricName [name=incoming-byte-rate, group=producer-metrics, description=The number of bytes read off all sockets per second, tags={client-id=producer-1}]
01:26:54.241 [kafka-producer-network-thread | producer-1] DEBUG org.apache.kafka.common.telemetry.internals.KafkaMetricsCollector - removing kafka metric : MetricName [name=request-total, group=producer-metrics, description=The total number of requests sent, tags={client-id=producer-1}]
01:26:54.241 [kafka-producer-network-thread | producer-1] DEBUG org.apache.kafka.common.telemetry.internals.KafkaMetricsCollector - removing kafka metric : MetricName [name=request-rate, group=producer-metrics, description=The number of requests sent per second, tags={client-id=producer-1}]
01:26:54.241 [kafka-producer-network-thread | producer-1] DEBUG org.apache.kafka.common.telemetry.internals.KafkaMetricsCollector - removing kafka metric : MetricName [name=request-size-avg, group=producer-metrics, description=The average size of requests sent., tags={client-id=producer-1}]
01:26:54.241 [kafka-producer-network-thread | producer-1] DEBUG org.apache.kafka.common.telemetry.internals.KafkaMetricsCollector - removing kafka metric : MetricName [name=request-size-max, group=producer-metrics, description=The maximum size of any request sent., tags={client-id=producer-1}]
01:26:54.241 [kafka-producer-network-thread | producer-1] DEBUG org.apache.kafka.common.telemetry.internals.KafkaMetricsCollector - removing kafka metric : MetricName [name=response-total, group=producer-metrics, description=The total number of responses received, tags={client-id=producer-1}]
01:26:54.242 [kafka-producer-network-thread | producer-1] DEBUG org.apache.kafka.common.telemetry.internals.KafkaMetricsCollector - removing kafka metric : MetricName [name=response-rate, group=producer-metrics, description=The number of responses received per second, tags={client-id=producer-1}]
01:26:54.242 [kafka-producer-network-thread | producer-1] DEBUG org.apache.kafka.common.telemetry.internals.KafkaMetricsCollector - removing kafka metric : MetricName [name=select-total, group=producer-metrics, description=The total number of times the I/O layer checked for new I/O to perform, tags={client-id=producer-1}]
01:26:54.242 [kafka-producer-network-thread | producer-1] DEBUG org.apache.kafka.common.telemetry.internals.KafkaMetricsCollector - removing kafka metric : MetricName [name=select-rate, group=producer-metrics, description=The number of times the I/O layer checked for new I/O to perform per second, tags={client-id=producer-1}]
01:26:54.242 [kafka-producer-network-thread | producer-1] DEBUG org.apache.kafka.common.telemetry.internals.KafkaMetricsCollector - removing kafka metric : MetricName [name=io-wait-time-ns-avg, group=producer-metrics, description=The average length of time the I/O thread spent waiting for a socket ready for reads or writes in nanoseconds., tags={client-id=producer-1}]
01:26:54.242 [kafka-producer-network-thread | producer-1] DEBUG org.apache.kafka.common.telemetry.internals.KafkaMetricsCollector - removing kafka metric : MetricName [name=io-waittime-total, group=producer-metrics, description=*Deprecated* The total time the I/O thread spent waiting, tags={client-id=producer-1}]
01:26:54.242 [kafka-producer-network-thread | producer-1] DEBUG org.apache.kafka.common.telemetry.internals.KafkaMetricsCollector - removing kafka metric : MetricName [name=io-wait-ratio, group=producer-metrics, description=The fraction of time the I/O thread spent waiting, tags={client-id=producer-1}]
01:26:54.242 [kafka-producer-network-thread | producer-1] DEBUG org.apache.kafka.common.telemetry.internals.KafkaMetricsCollector - removing kafka metric : MetricName [name=io-wait-time-ns-total, group=producer-metrics, description=The total time the I/O thread spent waiting, tags={client-id=producer-1}]
01:26:54.242 [kafka-producer-network-thread | producer-1] DEBUG org.apache.kafka.common.telemetry.internals.KafkaMetricsCollector - removing kafka metric : MetricName [name=io-time-ns-avg, group=producer-metrics, description=The average length of time for I/O per select call in nanoseconds., tags={client-id=producer-1}]
01:26:54.242 [kafka-producer-network-thread | producer-1] DEBUG org.apache.kafka.common.telemetry.internals.KafkaMetricsCollector - removing kafka metric : MetricName [name=iotime-total, group=producer-metrics, description=*Deprecated* The total time the I/O thread spent doing I/O, tags={client-id=producer-1}]
01:26:54.242 [kafka-producer-network-thread | producer-1] DEBUG org.apache.kafka.common.telemetry.internals.KafkaMetricsCollector - removing kafka metric : MetricName [name=io-ratio, group=producer-metrics, description=The fraction of time the I/O thread spent doing I/O, tags={client-id=producer-1}]
01:26:54.242 [kafka-producer-network-thread | producer-1] DEBUG org.apache.kafka.common.telemetry.internals.KafkaMetricsCollector - removing kafka metric : MetricName [name=io-time-ns-total, group=producer-metrics, description=The total time the I/O thread spent doing I/O, tags={client-id=producer-1}]
01:26:54.243 [kafka-producer-network-thread | producer-1] DEBUG org.apache.kafka.common.telemetry.internals.KafkaMetricsCollector - removing kafka metric : MetricName [name=request-total, group=producer-node-metrics, description=The total number of requests sent, tags={client-id=producer-1, node-id=node--1}]
01:26:54.243 [kafka-producer-network-thread | producer-1] DEBUG org.apache.kafka.common.telemetry.internals.KafkaMetricsCollector - removing kafka metric : MetricName [name=request-rate, group=producer-node-metrics, description=The number of requests sent per second, tags={client-id=producer-1, node-id=node--1}]
01:26:54.243 [kafka-producer-network-thread | producer-1] DEBUG org.apache.kafka.common.telemetry.internals.KafkaMetricsCollector - removing kafka metric : MetricName [name=request-size-avg, group=producer-node-metrics, description=The average size of requests sent., tags={client-id=producer-1, node-id=node--1}]
01:26:54.243 [kafka-producer-network-thread | producer-1] DEBUG org.apache.kafka.common.telemetry.internals.KafkaMetricsCollector - removing kafka metric : MetricName [name=request-size-max, group=producer-node-metrics, description=The maximum size of any request sent., tags={client-id=producer-1, node-id=node--1}]
01:26:54.243 [kafka-producer-network-thread | producer-1] DEBUG org.apache.kafka.common.telemetry.internals.KafkaMetricsCollector - removing kafka metric : MetricName [name=outgoing-byte-total, group=producer-node-metrics, description=The total number of outgoing bytes, tags={client-id=producer-1, node-id=node--1}]
01:26:54.243 [kafka-producer-network-thread | producer-1] DEBUG org.apache.kafka.common.telemetry.internals.KafkaMetricsCollector - removing kafka metric : MetricName [name=outgoing-byte-rate, group=producer-node-metrics, description=The number of outgoing bytes per second, tags={client-id=producer-1, node-id=node--1}]
01:26:54.243 [kafka-producer-network-thread | producer-1] DEBUG org.apache.kafka.common.telemetry.internals.KafkaMetricsCollector - removing kafka metric : MetricName [name=response-total, group=producer-node-metrics, description=The total number of responses received, tags={client-id=producer-1, node-id=node--1}]
01:26:54.243 [kafka-producer-network-thread | producer-1] DEBUG org.apache.kafka.common.telemetry.internals.KafkaMetricsCollector - removing kafka metric : MetricName [name=response-rate, group=producer-node-metrics, description=The number of responses received per second, tags={client-id=producer-1, node-id=node--1}]
01:26:54.243 [kafka-producer-network-thread | producer-1] DEBUG org.apache.kafka.common.telemetry.internals.KafkaMetricsCollector - removing kafka metric : MetricName [name=incoming-byte-total, group=producer-node-metrics, description=The total number of incoming bytes, tags={client-id=producer-1, node-id=node--1}]
01:26:54.243 [kafka-producer-network-thread | producer-1] DEBUG org.apache.kafka.common.telemetry.internals.KafkaMetricsCollector - removing kafka metric : MetricName [name=incoming-byte-rate, group=producer-node-metrics, description=The number of incoming bytes per second, tags={client-id=producer-1, node-id=node--1}]
01:26:54.244 [kafka-producer-network-thread | producer-1] DEBUG org.apache.kafka.common.telemetry.internals.KafkaMetricsCollector - removing kafka metric : MetricName [name=request-latency-avg, group=producer-node-metrics, description=, tags={client-id=producer-1, node-id=node--1}]
01:26:54.244 [kafka-producer-network-thread | producer-1] DEBUG org.apache.kafka.common.telemetry.internals.KafkaMetricsCollector - removing kafka metric : MetricName [name=request-latency-max, group=producer-node-metrics, description=, tags={client-id=producer-1, node-id=node--1}]
01:26:54.244 [kafka-producer-network-thread | producer-1] DEBUG org.apache.kafka.common.telemetry.internals.KafkaMetricsCollector - removing kafka metric : MetricName [name=request-total, group=producer-node-metrics, description=The total number of requests sent, tags={client-id=producer-1, node-id=node-0}]
01:26:54.244 [kafka-producer-network-thread | producer-1] DEBUG org.apache.kafka.common.telemetry.internals.KafkaMetricsCollector - removing kafka metric : MetricName [name=request-rate, group=producer-node-metrics, description=The number of requests sent per second, tags={client-id=producer-1, node-id=node-0}]
01:26:54.244 [kafka-producer-network-thread | producer-1] DEBUG org.apache.kafka.common.telemetry.internals.KafkaMetricsCollector - removing kafka metric : MetricName [name=request-size-avg, group=producer-node-metrics, description=The average size of requests sent., tags={client-id=producer-1, node-id=node-0}]
01:26:54.244 [kafka-producer-network-thread | producer-1] DEBUG org.apache.kafka.common.telemetry.internals.KafkaMetricsCollector - removing kafka metric : MetricName [name=request-size-max, group=producer-node-metrics, description=The maximum size of any request sent., tags={client-id=producer-1, node-id=node-0}]
01:26:54.244 [kafka-producer-network-thread | producer-1] DEBUG org.apache.kafka.common.telemetry.internals.KafkaMetricsCollector - removing kafka metric : MetricName [name=outgoing-byte-total, group=producer-node-metrics, description=The total number of outgoing bytes, tags={client-id=producer-1, node-id=node-0}]
01:26:54.244 [kafka-producer-network-thread | producer-1] DEBUG org.apache.kafka.common.telemetry.internals.KafkaMetricsCollector - removing kafka metric : MetricName [name=outgoing-byte-rate, group=producer-node-metrics, description=The number of outgoing bytes per second, tags={client-id=producer-1, node-id=node-0}]
01:26:54.244 [kafka-producer-network-thread | producer-1] DEBUG org.apache.kafka.common.telemetry.internals.KafkaMetricsCollector - removing kafka metric : MetricName [name=response-total, group=producer-node-metrics, description=The total number of responses received, tags={client-id=producer-1, node-id=node-0}]
01:26:54.244 [kafka-producer-network-thread | producer-1] DEBUG org.apache.kafka.common.telemetry.internals.KafkaMetricsCollector - removing kafka metric : MetricName [name=response-rate, group=producer-node-metrics, description=The number of responses received per second, tags={client-id=producer-1, node-id=node-0}]
01:26:54.244 [kafka-producer-network-thread | producer-1] DEBUG org.apache.kafka.common.telemetry.internals.KafkaMetricsCollector - removing kafka metric : MetricName [name=incoming-byte-total, group=producer-node-metrics, description=The total number of incoming bytes, tags={client-id=producer-1, node-id=node-0}]
01:26:54.245 [kafka-producer-network-thread | producer-1] DEBUG org.apache.kafka.common.telemetry.internals.KafkaMetricsCollector - removing kafka metric : MetricName [name=incoming-byte-rate, group=producer-node-metrics, description=The number of incoming bytes per second, tags={client-id=producer-1, node-id=node-0}]
01:26:54.245 [kafka-producer-network-thread | producer-1] DEBUG org.apache.kafka.common.telemetry.internals.KafkaMetricsCollector - removing kafka metric : MetricName [name=request-latency-avg, group=producer-node-metrics, description=, tags={client-id=producer-1, node-id=node-0}]
01:26:54.245 [kafka-producer-network-thread | producer-1] DEBUG org.apache.kafka.common.telemetry.internals.KafkaMetricsCollector - removing kafka metric : MetricName [name=request-latency-max, group=producer-node-metrics, description=, tags={client-id=producer-1, node-id=node-0}]
01:26:54.245 [kafka-producer-network-thread | producer-1] DEBUG org.apache.kafka.common.telemetry.internals.ClientTelemetryReporter - close telemetry sender for client telemetry reporter instance
01:26:54.245 [kafka-producer-network-thread | producer-1] DEBUG org.apache.kafka.common.telemetry.internals.ClientTelemetryReporter - Setting telemetry state from SUBSCRIPTION_NEEDED to TERMINATED
01:26:54.245 [kafka-producer-network-thread | producer-1] DEBUG org.apache.kafka.clients.producer.internals.Sender - [Producer clientId=producer-1] Shutdown of Kafka producer I/O thread has completed.
01:26:54.245 [main] DEBUG org.apache.kafka.common.telemetry.internals.ClientTelemetryReporter - Initiate close of ClientTelemetryReporter
01:26:54.245 [main] DEBUG org.apache.kafka.common.telemetry.internals.ClientTelemetryReporter - initiate close for client telemetry, check if terminal push required. Timeout 9223370312930161562 ms.
01:26:54.245 [main] DEBUG org.apache.kafka.common.telemetry.internals.ClientTelemetryReporter - Ignoring subsequent initiateClose
01:26:54.245 [main] DEBUG org.apache.kafka.common.telemetry.internals.KafkaMetricsCollector - removing kafka metric : MetricName [name=flush-time-ns-total, group=producer-metrics, description=Total time producer has spent in flush in nanoseconds., tags={client-id=producer-1}]
01:26:54.245 [main] DEBUG org.apache.kafka.common.telemetry.internals.KafkaMetricsCollector - removing kafka metric : MetricName [name=txn-init-time-ns-total, group=producer-metrics, description=Total time producer has spent in initTransactions in nanoseconds., tags={client-id=producer-1}]
01:26:54.245 [main] DEBUG org.apache.kafka.common.telemetry.internals.KafkaMetricsCollector - removing kafka metric : MetricName [name=txn-begin-time-ns-total, group=producer-metrics, description=Total time producer has spent in beginTransaction in nanoseconds., tags={client-id=producer-1}]
01:26:54.246 [main] DEBUG org.apache.kafka.common.telemetry.internals.KafkaMetricsCollector - removing kafka metric : MetricName [name=txn-send-offsets-time-ns-total, group=producer-metrics, description=Total time producer has spent in sendOffsetsToTransaction in nanoseconds., tags={client-id=producer-1}]
01:26:54.246 [main] DEBUG org.apache.kafka.common.telemetry.internals.KafkaMetricsCollector - removing kafka metric : MetricName [name=txn-commit-time-ns-total, group=producer-metrics, description=Total time producer has spent in commitTransaction in nanoseconds., tags={client-id=producer-1}]
01:26:54.246 [main] DEBUG org.apache.kafka.common.telemetry.internals.KafkaMetricsCollector - removing kafka metric : MetricName [name=txn-abort-time-ns-total, group=producer-metrics, description=Total time producer has spent in abortTransaction in nanoseconds., tags={client-id=producer-1}]
01:26:54.246 [main] DEBUG org.apache.kafka.common.telemetry.internals.KafkaMetricsCollector - removing kafka metric : MetricName [name=metadata-wait-time-ns-total, group=producer-metrics, description=Total time producer has spent waiting on topic metadata in nanoseconds., tags={client-id=producer-1}]
01:26:54.246 [main] INFO org.apache.kafka.common.metrics.Metrics - Metrics scheduler closed
01:26:54.246 [main] INFO org.apache.kafka.common.metrics.Metrics - Closing reporter org.apache.kafka.common.metrics.JmxReporter
01:26:54.246 [main] INFO org.apache.kafka.common.metrics.Metrics - Closing reporter org.apache.kafka.common.telemetry.internals.ClientTelemetryReporter
01:26:54.246 [main] DEBUG org.apache.kafka.common.telemetry.internals.ClientTelemetryReporter - Stopping ClientTelemetryReporter
01:26:54.246 [main] DEBUG org.apache.kafka.common.telemetry.internals.ClientTelemetryReporter - close telemetry sender for client telemetry reporter instance
01:26:54.246 [main] DEBUG org.apache.kafka.common.telemetry.internals.ClientTelemetryReporter - Ignoring subsequent close
01:26:54.246 [main] INFO org.apache.kafka.common.metrics.Metrics - Metrics reporters closed
01:26:54.246 [main] DEBUG org.apache.kafka.common.telemetry.internals.ClientTelemetryReporter - Stopping ClientTelemetryReporter
01:26:54.246 [main] DEBUG org.apache.kafka.common.telemetry.internals.ClientTelemetryReporter - close telemetry sender for client telemetry reporter instance
[...]
[THYMELEAF]             * [* {th:label,data-th-label}] [1000]: org.thymeleaf.standard.processor.StandardRemovableAttributeTagProcessor
[THYMELEAF]             * [* {th:min,data-th-min}] [1000]: org.thymeleaf.standard.processor.StandardRemovableAttributeTagProcessor
[THYMELEAF]             * [* {th:optimum,data-th-optimum}] [1000]: org.thymeleaf.standard.processor.StandardRemovableAttributeTagProcessor
[THYMELEAF]             * [* {th:standby,data-th-standby}] [1000]: org.thymeleaf.standard.processor.StandardRemovableAttributeTagProcessor
[THYMELEAF]             * [* {th:start,data-th-start}] [1000]: org.thymeleaf.standard.processor.StandardRemovableAttributeTagProcessor
[THYMELEAF]             * [* {th:spellcheck,data-th-spellcheck}] [1000]: org.thymeleaf.standard.processor.StandardRemovableAttributeTagProcessor
[THYMELEAF]             * [* {th:rules,data-th-rules}] [1000]: org.thymeleaf.standard.processor.StandardRemovableAttributeTagProcessor
[THYMELEAF]             * [* {th:sizes,data-th-sizes}] [1000]: org.thymeleaf.standard.processor.StandardRemovableAttributeTagProcessor
[THYMELEAF]             * [* {th:alt,data-th-alt}] [1000]: org.thymeleaf.standard.processor.StandardRemovableAttributeTagProcessor
[THYMELEAF]             * [* {th:keytype,data-th-keytype}] [1000]: org.thymeleaf.standard.processor.StandardRemovableAttributeTagProcessor
[THYMELEAF]             * [* {th:formtarget,data-th-formtarget}] [1000]: org.thymeleaf.standard.processor.StandardRemovableAttributeTagProcessor
[THYMELEAF]             * [* {th:radiogroup,data-th-radiogroup}] [1000]: org.thymeleaf.standard.processor.StandardRemovableAttributeTagProcessor
[THYMELEAF]             * [* {th:valuetype,data-th-valuetype}] [1000]: org.thymeleaf.standard.processor.StandardRemovableAttributeTagProcessor
[THYMELEAF]             * [* {th:http-equiv,data-th-http-equiv}] [1000]: org.thymeleaf.standard.processor.StandardRemovableAttributeTagProcessor
[THYMELEAF]             * [* {th:low,data-th-low}] [1000]: org.thymeleaf.standard.processor.StandardRemovableAttributeTagProcessor
[THYMELEAF]             * [* {th:hspace,data-th-hspace}] [1000]: org.thymeleaf.standard.processor.StandardRemovableAttributeTagProcessor
[THYMELEAF]             * [* {th:rowspan,data-th-rowspan}] [1000]: org.thymeleaf.standard.processor.StandardRemovableAttributeTagProcessor
[THYMELEAF]             * [* {th:content,data-th-content}] [1000]: org.thymeleaf.standard.processor.StandardRemovableAttributeTagProcessor
[THYMELEAF]             * [* {th:longdesc,data-th-longdesc}] [1000]: org.thymeleaf.standard.processor.StandardRemovableAttributeTagProcessor
[THYMELEAF]             * [* {th:frameborder,data-th-frameborder}] [1000]: org.thymeleaf.standard.processor.StandardRemovableAttributeTagProcessor
[THYMELEAF]             * [* {th:marginheight,data-th-marginheight}] [1000]: org.thymeleaf.standard.processor.StandardRemovableAttributeTagProcessor
[THYMELEAF]             * [* {th:archive,data-th-archive}] [1000]: org.thymeleaf.standard.processor.StandardRemovableAttributeTagProcessor
[THYMELEAF]             * [* {th:cellspacing,data-th-cellspacing}] [1000]: org.thymeleaf.standard.processor.StandardRemovableAttributeTagProcessor
[THYMELEAF]             * [* {th:id,data-th-id}] [1000]: org.thymeleaf.standard.processor.StandardRemovableAttributeTagProcessor
[THYMELEAF]             * [* {th:scheme,data-th-scheme}] [1000]: org.thymeleaf.standard.processor.StandardRemovableAttributeTagProcessor
[THYMELEAF]             * [* {th:dir,data-th-dir}] [1000]: org.thymeleaf.standard.processor.StandardRemovableAttributeTagProcessor
[THYMELEAF]             * [* {th:rows,data-th-rows}] [1000]: org.thymeleaf.standard.processor.StandardRemovableAttributeTagProcessor
[THYMELEAF]             * [* {th:scrolling,data-th-scrolling}] [1000]: org.thymeleaf.standard.processor.StandardRemovableAttributeTagProcessor
[THYMELEAF]             * [* {th:poster,data-th-poster}] [1000]: org.thymeleaf.standard.processor.StandardRemovableAttributeTagProcessor
[THYMELEAF]             * [* {th:headers,data-th-headers}] [1000]: org.thymeleaf.standard.processor.StandardRemovableAttributeTagProcessor
[THYMELEAF]             * [* {th:marginwidth,data-th-marginwidth}] [1000]: org.thymeleaf.standard.processor.StandardRemovableAttributeTagProcessor
[THYMELEAF]             * [* {th:border,data-th-border}] [1000]: org.thymeleaf.standard.processor.StandardRemovableAttributeTagProcessor
[THYMELEAF]             * [* {th:for,data-th-for}] [1000]: org.thymeleaf.standard.processor.StandardRemovableAttributeTagProcessor
[THYMELEAF]             * [* {th:formmethod,data-th-formmethod}] [1000]: org.thymeleaf.standard.processor.StandardRemovableAttributeTagProcessor
[THYMELEAF]             * [* {th:form,data-th-form}] [1000]: org.thymeleaf.standard.processor.StandardRemovableAttributeTagProcessor
[THYMELEAF]             * [* {th:hreflang,data-th-hreflang}] [1000]: org.thymeleaf.standard.processor.StandardRemovableAttributeTagProcessor
[THYMELEAF]             * [* {th:formaction,data-th-formaction}] [1000]: org.thymeleaf.standard.processor.StandardRemovableAttributeTagProcessor
[THYMELEAF]             * [* {th:src,data-th-src}] [1000]: org.thymeleaf.standard.processor.StandardSrcTagProcessor
[THYMELEAF]             * [* {th:value,data-th-value}] [1000]: org.thymeleaf.standard.processor.StandardValueTagProcessor
[THYMELEAF]             * [* {th:xmlbase,data-th-xmlbase}] [1000]: org.thymeleaf.standard.processor.StandardXmlBaseTagProcessor
[THYMELEAF]             * [* {th:xmllang,data-th-xmllang}] [1000]: org.thymeleaf.standard.processor.StandardXmlLangTagProcessor
[THYMELEAF]             * [* {xmlns:th}] [1000]: org.thymeleaf.standard.processor.StandardXmlNsTagProcessor
[THYMELEAF]             * [* {th:xmlspace,data-th-xmlspace}] [1000]: org.thymeleaf.standard.processor.StandardXmlSpaceTagProcessor
[THYMELEAF]             * [* {th:classappend,data-th-classappend}] [1100]: org.thymeleaf.standard.processor.StandardClassappendTagProcessor
[THYMELEAF]             * [* {th:styleappend,data-th-styleappend}] [1100]: org.thymeleaf.standard.processor.StandardStyleappendTagProcessor
[THYMELEAF]             * [* {th:text,data-th-text}] [1300]: org.thymeleaf.standard.processor.StandardTextTagProcessor
[THYMELEAF]             * [* {th:utext,data-th-utext}] [1400]: org.thymeleaf.standard.processor.StandardUtextTagProcessor
[THYMELEAF]             * [* {th:fragment,data-th-fragment}] [1500]: org.thymeleaf.standard.processor.StandardFragmentTagProcessor
[THYMELEAF]             * [* {th:assert,data-th-assert}] [1550]: org.thymeleaf.standard.processor.StandardAssertTagProcessor
[THYMELEAF]             * [* {th:remove,data-th-remove}] [1600]: org.thymeleaf.standard.processor.StandardRemoveTagProcessor
[THYMELEAF]             * [* {th:ref,data-th-ref}] [10000]: org.thymeleaf.standard.processor.StandardRefAttributeTagProcessor
[THYMELEAF]             * [{th:block,th-block} *] [100000]: org.thymeleaf.standard.processor.StandardBlockTagProcessor
[THYMELEAF]             * [* th:*] [2147483647]: org.thymeleaf.standard.processor.StandardDefaultAttributesTagProcessor
[THYMELEAF]         * Text Processors by [precedence]:
[THYMELEAF]             * [1000]: org.thymeleaf.standard.processor.StandardInliningTextProcessor
[THYMELEAF]         * DOCTYPE Processors by [precedence]:
[THYMELEAF]             * [1000]: org.thymeleaf.standard.processor.StandardTranslationDocTypeProcessor
[THYMELEAF]         * CDATA Section Processors by [precedence]:
[THYMELEAF]             * [1000]: org.thymeleaf.standard.processor.StandardInliningCDATASectionProcessor
[THYMELEAF]         * Comment Processors by [precedence]:
[THYMELEAF]             * [1000]: org.thymeleaf.standard.processor.StandardInliningCommentProcessor
[THYMELEAF]             * [1100]: org.thymeleaf.standard.processor.StandardConditionalCommentProcessor
[THYMELEAF]     * Processors for Template Mode: XML
[THYMELEAF]         * Element Tag Processors by [matching element and attribute name] [precedence]:
[THYMELEAF]             * [* {th:include}] [100]: org.thymeleaf.standard.processor.StandardIncludeTagProcessor
[THYMELEAF]             * [* {th:insert}] [100]: org.thymeleaf.standard.processor.StandardInsertTagProcessor
[THYMELEAF]             * [* {th:replace}] [100]: org.thymeleaf.standard.processor.StandardReplaceTagProcessor
[THYMELEAF]             * [* {th:substituteby}] [100]: org.thymeleaf.standard.processor.StandardSubstituteByTagProcessor
[THYMELEAF]             * [* {th:each}] [200]: com.intuit.karate.template.KarateEachTagProcessor
[THYMELEAF]             * [* {th:switch}] [250]: org.thymeleaf.standard.processor.StandardSwitchTagProcessor
[THYMELEAF]             * [* {th:case}] [275]: org.thymeleaf.standard.processor.StandardCaseTagProcessor
[THYMELEAF]             * [* {th:if}] [300]: org.thymeleaf.standard.processor.StandardIfTagProcessor
[THYMELEAF]             * [* {th:unless}] [400]: org.thymeleaf.standard.processor.StandardUnlessTagProcessor
[THYMELEAF]             * [* {th:object}] [500]: org.thymeleaf.standard.processor.StandardObjectTagProcessor
[THYMELEAF]             * [* {th:with}] [600]: com.intuit.karate.template.KarateWithTagProcessor
[THYMELEAF]             * [* {th:attr}] [700]: com.intuit.karate.template.KarateAttributeTagProcessor.KarateAttrTagProcessor
[THYMELEAF]             * [* {th:attrappend}] [900]: com.intuit.karate.template.KarateAttributeTagProcessor.KarateAttrappendTagProcessor
[THYMELEAF]             * [* {th:attrprepend}] [900]: com.intuit.karate.template.KarateAttributeTagProcessor.KarateAttrprependTagProcessor
[THYMELEAF]             * [* {th:inline}] [1000]: org.thymeleaf.standard.processor.StandardInlineXMLTagProcessor
[THYMELEAF]             * [* {xmlns:th}] [1000]: org.thymeleaf.standard.processor.StandardXmlNsTagProcessor
[THYMELEAF]             * [* {th:text}] [1300]: org.thymeleaf.standard.processor.StandardTextTagProcessor
[THYMELEAF]             * [* {th:utext}] [1400]: org.thymeleaf.standard.processor.StandardUtextTagProcessor
[THYMELEAF]             * [* {th:fragment}] [1500]: org.thymeleaf.standard.processor.StandardFragmentTagProcessor
[THYMELEAF]             * [* {th:assert}] [1550]: org.thymeleaf.standard.processor.StandardAssertTagProcessor
[THYMELEAF]             * [* {th:remove}] [1600]: org.thymeleaf.standard.processor.StandardRemoveTagProcessor
[THYMELEAF]             * [* {th:ref}] [10000]: org.thymeleaf.standard.processor.StandardRefAttributeTagProcessor
[THYMELEAF]             * [{th:block} *] [100000]: org.thymeleaf.standard.processor.StandardBlockTagProcessor
[THYMELEAF]             * [* th:*] [2147483647]: org.thymeleaf.standard.processor.StandardDefaultAttributesTagProcessor
[THYMELEAF]         * Text Processors by [precedence]:
[THYMELEAF]             * [1000]: org.thymeleaf.standard.processor.StandardInliningTextProcessor
[THYMELEAF]         * CDATA Section Processors by [precedence]:
[THYMELEAF]             * [1000]: org.thymeleaf.standard.processor.StandardInliningCDATASectionProcessor
[THYMELEAF]         * Comment Processors by [precedence]:
[THYMELEAF]             * [1000]: org.thymeleaf.standard.processor.StandardInliningCommentProcessor
[THYMELEAF]     * Processors for Template Mode: TEXT
[THYMELEAF]         * Element Tag Processors by [matching element and attribute name] [precedence]:
[THYMELEAF]             * [* {th:insert}] [100]: org.thymeleaf.standard.processor.StandardInsertTagProcessor
[THYMELEAF]             * [* {th:replace}] [100]: org.thymeleaf.standard.processor.StandardReplaceTagProcessor
[THYMELEAF]             * [* {th:each}] [200]: com.intuit.karate.template.KarateEachTagProcessor
[THYMELEAF]             * [* {th:switch}] [250]: org.thymeleaf.standard.processor.StandardSwitchTagProcessor
[THYMELEAF]             * [* {th:case}] [275]: org.thymeleaf.standard.processor.StandardCaseTagProcessor
[THYMELEAF]             * [* {th:if}] [300]: org.thymeleaf.standard.processor.StandardIfTagProcessor
[THYMELEAF]             * [* {th:unless}] [400]: org.thymeleaf.standard.processor.StandardUnlessTagProcessor
[THYMELEAF]             * [* {th:object}] [500]: org.thymeleaf.standard.processor.StandardObjectTagProcessor
[THYMELEAF]             * [* {th:with}] [600]: com.intuit.karate.template.KarateWithTagProcessor
[THYMELEAF]             * [* {th:inline}] [1000]: org.thymeleaf.standard.processor.StandardInlineTextualTagProcessor
[THYMELEAF]             * [* {th:text}] [1300]: org.thymeleaf.standard.processor.StandardTextTagProcessor
[THYMELEAF]             * [* {th:utext}] [1400]: org.thymeleaf.standard.processor.StandardUtextTagProcessor
[THYMELEAF]             * [* {th:assert}] [1550]: org.thymeleaf.standard.processor.StandardAssertTagProcessor
[THYMELEAF]             * [* {th:remove}] [1600]: org.thymeleaf.standard.processor.StandardRemoveTagProcessor
[THYMELEAF]             * [* 100000] [org.thymeleaf.standard.processor.StandardBlockTagProcessor]: {}
[THYMELEAF]             * [{th:block} *] [100000]: org.thymeleaf.standard.processor.StandardBlockTagProcessor
[THYMELEAF]         * Text Processors by [precedence]:
[THYMELEAF]             * [1000]: org.thymeleaf.standard.processor.StandardInliningTextProcessor
[THYMELEAF]     * Processors for Template Mode: JAVASCRIPT
[THYMELEAF]         * Element Tag Processors by [matching element and attribute name] [precedence]:
[THYMELEAF]             * [* {th:insert}] [100]: org.thymeleaf.standard.processor.StandardInsertTagProcessor
[THYMELEAF]             * [* {th:replace}] [100]: org.thymeleaf.standard.processor.StandardReplaceTagProcessor
[THYMELEAF]             * [* {th:each}] [200]: com.intuit.karate.template.KarateEachTagProcessor
[THYMELEAF]             * [* {th:switch}] [250]: org.thymeleaf.standard.processor.StandardSwitchTagProcessor
[THYMELEAF]             * [* {th:case}] [275]: org.thymeleaf.standard.processor.StandardCaseTagProcessor
[THYMELEAF]             * [* {th:if}] [300]: org.thymeleaf.standard.processor.StandardIfTagProcessor
[THYMELEAF]             * [* {th:unless}] [400]: org.thymeleaf.standard.processor.StandardUnlessTagProcessor
[THYMELEAF]             * [* {th:object}] [500]: org.thymeleaf.standard.processor.StandardObjectTagProcessor
[THYMELEAF]             * [* {th:with}] [600]: com.intuit.karate.template.KarateWithTagProcessor
[THYMELEAF]             * [* {th:inline}] [1000]: org.thymeleaf.standard.processor.StandardInlineTextualTagProcessor
[THYMELEAF]             * [* {th:text}] [1300]: org.thymeleaf.standard.processor.StandardTextTagProcessor
[THYMELEAF]             * [* {th:utext}] [1400]: org.thymeleaf.standard.processor.StandardUtextTagProcessor
[THYMELEAF]             * [* {th:assert}] [1550]: org.thymeleaf.standard.processor.StandardAssertTagProcessor
[THYMELEAF]             * [* {th:remove}] [1600]: org.thymeleaf.standard.processor.StandardRemoveTagProcessor
[THYMELEAF]             * [* 100000] [org.thymeleaf.standard.processor.StandardBlockTagProcessor]: {}
[THYMELEAF]             * [{th:block} *] [100000]: org.thymeleaf.standard.processor.StandardBlockTagProcessor
[THYMELEAF]         * Text Processors by [precedence]:
[THYMELEAF]             * [1000]: org.thymeleaf.standard.processor.StandardInliningTextProcessor
[THYMELEAF]     * Processors for Template Mode: CSS
[THYMELEAF]         * Element Tag Processors by [matching element and attribute name] [precedence]:
[THYMELEAF]             * [* {th:insert}] [100]: org.thymeleaf.standard.processor.StandardInsertTagProcessor
[THYMELEAF]             * [* {th:replace}] [100]: org.thymeleaf.standard.processor.StandardReplaceTagProcessor
[THYMELEAF]             * [* {th:each}] [200]: com.intuit.karate.template.KarateEachTagProcessor
[THYMELEAF]             * [* {th:switch}] [250]: org.thymeleaf.standard.processor.StandardSwitchTagProcessor
[THYMELEAF]             * [* {th:case}] [275]: org.thymeleaf.standard.processor.StandardCaseTagProcessor
[THYMELEAF]             * [* {th:if}] [300]: org.thymeleaf.standard.processor.StandardIfTagProcessor
[THYMELEAF]             * [* {th:unless}] [400]: org.thymeleaf.standard.processor.StandardUnlessTagProcessor
[THYMELEAF]             * [* {th:object}] [500]: org.thymeleaf.standard.processor.StandardObjectTagProcessor
[THYMELEAF]             * [* {th:with}] [600]: com.intuit.karate.template.KarateWithTagProcessor
[THYMELEAF]             * [* {th:inline}] [1000]: org.thymeleaf.standard.processor.StandardInlineTextualTagProcessor
[THYMELEAF]             * [* {th:text}] [1300]: org.thymeleaf.standard.processor.StandardTextTagProcessor
[THYMELEAF]             * [* {th:utext}] [1400]: org.thymeleaf.standard.processor.StandardUtextTagProcessor
[THYMELEAF]             * [* {th:assert}] [1550]: org.thymeleaf.standard.processor.StandardAssertTagProcessor
[THYMELEAF]             * [* {th:remove}] [1600]: org.thymeleaf.standard.processor.StandardRemoveTagProcessor
[THYMELEAF]             * [{th:block} *] [100000]: org.thymeleaf.standard.processor.StandardBlockTagProcessor
[THYMELEAF]             * [* 100000] [org.thymeleaf.standard.processor.StandardBlockTagProcessor]: {}
[THYMELEAF]         * Text Processors by [precedence]:
[THYMELEAF]             * [1000]: org.thymeleaf.standard.processor.StandardInliningTextProcessor
[THYMELEAF]     * Expression Objects:
[THYMELEAF]         * #ctx
[THYMELEAF]         * #root
[THYMELEAF]         * #vars
[THYMELEAF]         * #object
[THYMELEAF]         * #locale
[THYMELEAF]         * #request
[THYMELEAF]         * #response
[THYMELEAF]         * #session
[THYMELEAF]         * #servletContext
[THYMELEAF]         * #conversions
[THYMELEAF]         * #uris
[THYMELEAF]         * #calendars
[THYMELEAF]         * #dates
[THYMELEAF]         * #bools
[THYMELEAF]         * #numbers
[THYMELEAF]         * #objects
[THYMELEAF]         * #strings
[THYMELEAF]         * #arrays
[THYMELEAF]         * #lists
[THYMELEAF]         * #sets
[THYMELEAF]         * #maps
[THYMELEAF]         * #aggregates
[THYMELEAF]         * #messages
[THYMELEAF]         * #ids
[THYMELEAF]         * #execInfo
[THYMELEAF]         * #httpServletRequest
[THYMELEAF]         * #httpSession
[THYMELEAF]     * Execution Attributes:
[THYMELEAF]         * "StandardExpressionParser": com.intuit.karate.template.KarateStandardDialect@26d028f7
[THYMELEAF]         * "StandardJavaScriptSerializer": org.thymeleaf.standard.serializer.StandardJavaScriptSerializer@143413cd
[THYMELEAF]         * "StandardCSSSerializer": org.thymeleaf.standard.serializer.StandardCSSSerializer@4b32465
[THYMELEAF]         * "StandardVariableExpressionEvaluator": com.intuit.karate.template.KarateStandardDialect@26d028f7
[THYMELEAF]         * "StandardConversionService": org.thymeleaf.standard.expression.StandardConversionService@146f3d22
[THYMELEAF] * Dialect [2 of 2]: karate (com.intuit.karate.template.KarateScriptDialect)
[THYMELEAF]     * Prefix: "ka"
[THYMELEAF]     * Processors for Template Mode: HTML
[THYMELEAF]         * Element Tag Processors by [matching element and attribute name] [precedence]:
[THYMELEAF]             * [* {src}] [1000]: com.intuit.karate.template.KaScriptAttrProcessor
[THYMELEAF]         * Element Model Processors by [matching element and attribute name] [precedence]:
[THYMELEAF]             * [{script} {ka:scope,data-ka-scope}] [1000]: com.intuit.karate.template.KaScriptElemProcessor
[THYMELEAF]             * [* {ka:set,data-ka-set}] [1000]: com.intuit.karate.template.KaSetElemProcessor
[THYMELEAF] TEMPLATE ENGINE CONFIGURED OK
01:26:54.671 [main] DEBUG org.thymeleaf.TemplateEngine - [THYMELEAF] TEMPLATE ENGINE INITIALIZED

HTML report: (paste into browser to view) | Karate version: 1.2.0
file:///Users/arunkumaraswamy/Documents/Study/karate-automation/target/karate-reports/karate-summary.html
===================================================================

]]></system-out>
  </testcase>
</testsuite>